-------------------------------------------------------------------------------
There are messages associated with the following module(s):
-------------------------------------------------------------------------------

py-scipystack/1.0_py27:
    The SciPy Stack module is deprecated. Please use those individual
    modules instead: py-scipy, py-numpy, py-matplotlib, py-pandas, py-sympy


py-tensorflow/1.9.0_py27:
    This module is deprecated and will soon be removed.

-------------------------------------------------------------------------------

2022-07-31 14:33:07.895170: I tensorflow/core/platform/cpu_feature_guard.cc:141] Your CPU supports instructions that this TensorFlow binary was not compiled to use: AVX2 FMA
2022-07-31 14:33:07.899548: E tensorflow/stream_executor/cuda/cuda_driver.cc:397] failed call to cuInit: CUDA_ERROR_NO_DEVICE
2022-07-31 14:33:07.899580: I tensorflow/stream_executor/cuda/cuda_diagnostics.cc:158] retrieving CUDA diagnostic information for host: sh03-15n16.int
2022-07-31 14:33:07.899584: I tensorflow/stream_executor/cuda/cuda_diagnostics.cc:165] hostname: sh03-15n16.int
2022-07-31 14:33:07.899617: I tensorflow/stream_executor/cuda/cuda_diagnostics.cc:189] libcuda reported version is: 510.47.3
2022-07-31 14:33:07.899649: I tensorflow/stream_executor/cuda/cuda_diagnostics.cc:193] kernel reported version is: 510.47.3
2022-07-31 14:33:07.899653: I tensorflow/stream_executor/cuda/cuda_diagnostics.cc:300] kernel version seems to match DSO: 510.47.3
WARNING:tensorflow:From /share/software/user/open/py-tensorflow/1.9.0_py27/lib/python2.7/site-packages/tensorflow/python/util/tf_should_use.py:118: initialize_all_variables (from tensorflow.python.ops.variables) is deprecated and will be removed after 2017-03-02.
Instructions for updating:
Use `tf.global_variables_initializer` instead.
Variables being optimized:
<tf.Variable 'rnn/leaky_rnn_cell/kernel:0' shape=(148, 128) dtype=float32_ref>
<tf.Variable 'rnn/leaky_rnn_cell/bias:0' shape=(128,) dtype=float32_ref>
<tf.Variable 'output/weights:0' shape=(128, 3) dtype=float32_ref>
<tf.Variable 'output/biases:0' shape=(3,) dtype=float32_ref>
tau                  = 100
l2_weight_init       = 0
w_rec_init           = diag
alpha                = 0.2
target_cost          = 0
l2_h                 = 1e-06
n_eachring           = 2
rule_start           = 5
sigma_x              = 0.1
w_rec_coeff          = 0.8
batch_size_train     = 64
target_perf          = 1.0
l1_h                 = 0.0
n_rnn                = 128
rules                = ['delaydm1']
n_output             = 3
p_weight_train       = None
learning_rate        = 0.001
save_name            = test
ruleset              = all
loss_type            = lsq
optimizer            = adam
rule_probs           = [1.0]
n_input              = 20
l1_weight            = 0.0
activation           = softplus
out_type             = all
rng                  = <mtrand.RandomState object at 0x7f908c543b40>
c_intsyn             = 0
l2_weight            = 1e-06
num_ring             = 2
dt                   = 20
seed                 = 6
in_type              = normal
use_separate_input   = False
rule_trains          = ['delaydm1']
batch_size_test      = 8192
sigma_rec            = 0.05
n_rule               = 15
rnn_type             = LeakyRNN
n_rep                = 256
ksi_intsyn           = 0
Model saved in file: data/all/LeakyRNN/softplus/diag/1_tasks/128_n_rnn/lr6.0l2_w6.0_h6.0_sig_rec0.05_sig_x0.1_w_rec_coeff0.8_delaydm1/6/ckpts/model.ckpt-0
Trial       0  | Time 0.40 s  | Now training delaydm1
delaydm1       | cost 10.963179| c_reg 1.052182  | perf 0.10
Model saved in file: data/all/LeakyRNN/softplus/diag/1_tasks/128_n_rnn/lr6.0l2_w6.0_h6.0_sig_rec0.05_sig_x0.1_w_rec_coeff0.8_delaydm1/6/model.ckpt
Model saved in file: data/all/LeakyRNN/softplus/diag/1_tasks/128_n_rnn/lr6.0l2_w6.0_h6.0_sig_rec0.05_sig_x0.1_w_rec_coeff0.8_delaydm1/6/ckpts/model.ckpt-1
Model saved in file: data/all/LeakyRNN/softplus/diag/1_tasks/128_n_rnn/lr6.0l2_w6.0_h6.0_sig_rec0.05_sig_x0.1_w_rec_coeff0.8_delaydm1/6/ckpts/model.ckpt-2
Model saved in file: data/all/LeakyRNN/softplus/diag/1_tasks/128_n_rnn/lr6.0l2_w6.0_h6.0_sig_rec0.05_sig_x0.1_w_rec_coeff0.8_delaydm1/6/ckpts/model.ckpt-3
Model saved in file: data/all/LeakyRNN/softplus/diag/1_tasks/128_n_rnn/lr6.0l2_w6.0_h6.0_sig_rec0.05_sig_x0.1_w_rec_coeff0.8_delaydm1/6/ckpts/model.ckpt-4
Model saved in file: data/all/LeakyRNN/softplus/diag/1_tasks/128_n_rnn/lr6.0l2_w6.0_h6.0_sig_rec0.05_sig_x0.1_w_rec_coeff0.8_delaydm1/6/ckpts/model.ckpt-5
Model saved in file: data/all/LeakyRNN/softplus/diag/1_tasks/128_n_rnn/lr6.0l2_w6.0_h6.0_sig_rec0.05_sig_x0.1_w_rec_coeff0.8_delaydm1/6/ckpts/model.ckpt-6
Model saved in file: data/all/LeakyRNN/softplus/diag/1_tasks/128_n_rnn/lr6.0l2_w6.0_h6.0_sig_rec0.05_sig_x0.1_w_rec_coeff0.8_delaydm1/6/ckpts/model.ckpt-7
Model saved in file: data/all/LeakyRNN/softplus/diag/1_tasks/128_n_rnn/lr6.0l2_w6.0_h6.0_sig_rec0.05_sig_x0.1_w_rec_coeff0.8_delaydm1/6/ckpts/model.ckpt-8
Model saved in file: data/all/LeakyRNN/softplus/diag/1_tasks/128_n_rnn/lr6.0l2_w6.0_h6.0_sig_rec0.05_sig_x0.1_w_rec_coeff0.8_delaydm1/6/ckpts/model.ckpt-9
Model saved in file: data/all/LeakyRNN/softplus/diag/1_tasks/128_n_rnn/lr6.0l2_w6.0_h6.0_sig_rec0.05_sig_x0.1_w_rec_coeff0.8_delaydm1/6/ckpts/model.ckpt-1000
Trial   64000  | Time 138.79 s  | Now training delaydm1
delaydm1       | cost 0.876535| c_reg 0.174765  | perf 0.25
Model saved in file: data/all/LeakyRNN/softplus/diag/1_tasks/128_n_rnn/lr6.0l2_w6.0_h6.0_sig_rec0.05_sig_x0.1_w_rec_coeff0.8_delaydm1/6/model.ckpt
Model saved in file: data/all/LeakyRNN/softplus/diag/1_tasks/128_n_rnn/lr6.0l2_w6.0_h6.0_sig_rec0.05_sig_x0.1_w_rec_coeff0.8_delaydm1/6/ckpts/model.ckpt-2000
Trial  128000  | Time 277.48 s  | Now training delaydm1
delaydm1       | cost 0.769788| c_reg 0.113785  | perf 0.35
Model saved in file: data/all/LeakyRNN/softplus/diag/1_tasks/128_n_rnn/lr6.0l2_w6.0_h6.0_sig_rec0.05_sig_x0.1_w_rec_coeff0.8_delaydm1/6/model.ckpt
Model saved in file: data/all/LeakyRNN/softplus/diag/1_tasks/128_n_rnn/lr6.0l2_w6.0_h6.0_sig_rec0.05_sig_x0.1_w_rec_coeff0.8_delaydm1/6/ckpts/model.ckpt-3000
Trial  192000  | Time 415.02 s  | Now training delaydm1
delaydm1       | cost 0.766941| c_reg 0.084886  | perf 0.39
Model saved in file: data/all/LeakyRNN/softplus/diag/1_tasks/128_n_rnn/lr6.0l2_w6.0_h6.0_sig_rec0.05_sig_x0.1_w_rec_coeff0.8_delaydm1/6/model.ckpt
Model saved in file: data/all/LeakyRNN/softplus/diag/1_tasks/128_n_rnn/lr6.0l2_w6.0_h6.0_sig_rec0.05_sig_x0.1_w_rec_coeff0.8_delaydm1/6/ckpts/model.ckpt-4000
Trial  256000  | Time 552.04 s  | Now training delaydm1
delaydm1       | cost 0.571068| c_reg 0.085546  | perf 0.47
Model saved in file: data/all/LeakyRNN/softplus/diag/1_tasks/128_n_rnn/lr6.0l2_w6.0_h6.0_sig_rec0.05_sig_x0.1_w_rec_coeff0.8_delaydm1/6/model.ckpt
Model saved in file: data/all/LeakyRNN/softplus/diag/1_tasks/128_n_rnn/lr6.0l2_w6.0_h6.0_sig_rec0.05_sig_x0.1_w_rec_coeff0.8_delaydm1/6/ckpts/model.ckpt-5000
Trial  320000  | Time 690.69 s  | Now training delaydm1
delaydm1       | cost 0.495647| c_reg 0.069062  | perf 0.50
Model saved in file: data/all/LeakyRNN/softplus/diag/1_tasks/128_n_rnn/lr6.0l2_w6.0_h6.0_sig_rec0.05_sig_x0.1_w_rec_coeff0.8_delaydm1/6/model.ckpt
Model saved in file: data/all/LeakyRNN/softplus/diag/1_tasks/128_n_rnn/lr6.0l2_w6.0_h6.0_sig_rec0.05_sig_x0.1_w_rec_coeff0.8_delaydm1/6/ckpts/model.ckpt-6000
Trial  384000  | Time 828.61 s  | Now training delaydm1
delaydm1       | cost 0.465323| c_reg 0.060406  | perf 0.52
/home/users/lndrisco/code/multitask-nets/stepnet/task.py:144: RuntimeWarning: overflow encountered in multiply
  self.stim_strength = 100*np.empty((len(locs),4))
Model saved in file: data/all/LeakyRNN/softplus/diag/1_tasks/128_n_rnn/lr6.0l2_w6.0_h6.0_sig_rec0.05_sig_x0.1_w_rec_coeff0.8_delaydm1/6/model.ckpt
Model saved in file: data/all/LeakyRNN/softplus/diag/1_tasks/128_n_rnn/lr6.0l2_w6.0_h6.0_sig_rec0.05_sig_x0.1_w_rec_coeff0.8_delaydm1/6/ckpts/model.ckpt-7000
Trial  448000  | Time 966.38 s  | Now training delaydm1
delaydm1       | cost 0.406543| c_reg 0.056410  | perf 0.61
Model saved in file: data/all/LeakyRNN/softplus/diag/1_tasks/128_n_rnn/lr6.0l2_w6.0_h6.0_sig_rec0.05_sig_x0.1_w_rec_coeff0.8_delaydm1/6/model.ckpt
Model saved in file: data/all/LeakyRNN/softplus/diag/1_tasks/128_n_rnn/lr6.0l2_w6.0_h6.0_sig_rec0.05_sig_x0.1_w_rec_coeff0.8_delaydm1/6/ckpts/model.ckpt-8000
Trial  512000  | Time 1104.33 s  | Now training delaydm1
delaydm1       | cost 0.377488| c_reg 0.054570  | perf 0.54
Model saved in file: data/all/LeakyRNN/softplus/diag/1_tasks/128_n_rnn/lr6.0l2_w6.0_h6.0_sig_rec0.05_sig_x0.1_w_rec_coeff0.8_delaydm1/6/model.ckpt
Model saved in file: data/all/LeakyRNN/softplus/diag/1_tasks/128_n_rnn/lr6.0l2_w6.0_h6.0_sig_rec0.05_sig_x0.1_w_rec_coeff0.8_delaydm1/6/ckpts/model.ckpt-9000
Trial  576000  | Time 1243.16 s  | Now training delaydm1
delaydm1       | cost 0.304759| c_reg 0.047944  | perf 0.70
Model saved in file: data/all/LeakyRNN/softplus/diag/1_tasks/128_n_rnn/lr6.0l2_w6.0_h6.0_sig_rec0.05_sig_x0.1_w_rec_coeff0.8_delaydm1/6/model.ckpt
Model saved in file: data/all/LeakyRNN/softplus/diag/1_tasks/128_n_rnn/lr6.0l2_w6.0_h6.0_sig_rec0.05_sig_x0.1_w_rec_coeff0.8_delaydm1/6/ckpts/model.ckpt-10000
Trial  640000  | Time 1381.75 s  | Now training delaydm1
delaydm1       | cost 0.281984| c_reg 0.044434  | perf 0.67
Model saved in file: data/all/LeakyRNN/softplus/diag/1_tasks/128_n_rnn/lr6.0l2_w6.0_h6.0_sig_rec0.05_sig_x0.1_w_rec_coeff0.8_delaydm1/6/model.ckpt
Model saved in file: data/all/LeakyRNN/softplus/diag/1_tasks/128_n_rnn/lr6.0l2_w6.0_h6.0_sig_rec0.05_sig_x0.1_w_rec_coeff0.8_delaydm1/6/ckpts/model.ckpt-11000
Trial  704000  | Time 1521.13 s  | Now training delaydm1
delaydm1       | cost 0.246392| c_reg 0.045102  | perf 0.75
Model saved in file: data/all/LeakyRNN/softplus/diag/1_tasks/128_n_rnn/lr6.0l2_w6.0_h6.0_sig_rec0.05_sig_x0.1_w_rec_coeff0.8_delaydm1/6/model.ckpt
Model saved in file: data/all/LeakyRNN/softplus/diag/1_tasks/128_n_rnn/lr6.0l2_w6.0_h6.0_sig_rec0.05_sig_x0.1_w_rec_coeff0.8_delaydm1/6/ckpts/model.ckpt-12000
Trial  768000  | Time 1659.44 s  | Now training delaydm1
delaydm1       | cost 0.227423| c_reg 0.036267  | perf 0.76
Model saved in file: data/all/LeakyRNN/softplus/diag/1_tasks/128_n_rnn/lr6.0l2_w6.0_h6.0_sig_rec0.05_sig_x0.1_w_rec_coeff0.8_delaydm1/6/model.ckpt
Model saved in file: data/all/LeakyRNN/softplus/diag/1_tasks/128_n_rnn/lr6.0l2_w6.0_h6.0_sig_rec0.05_sig_x0.1_w_rec_coeff0.8_delaydm1/6/ckpts/model.ckpt-13000
Trial  832000  | Time 1797.07 s  | Now training delaydm1
delaydm1       | cost 0.196182| c_reg 0.034510  | perf 0.77
Model saved in file: data/all/LeakyRNN/softplus/diag/1_tasks/128_n_rnn/lr6.0l2_w6.0_h6.0_sig_rec0.05_sig_x0.1_w_rec_coeff0.8_delaydm1/6/model.ckpt
Model saved in file: data/all/LeakyRNN/softplus/diag/1_tasks/128_n_rnn/lr6.0l2_w6.0_h6.0_sig_rec0.05_sig_x0.1_w_rec_coeff0.8_delaydm1/6/ckpts/model.ckpt-14000
Trial  896000  | Time 1934.23 s  | Now training delaydm1
delaydm1       | cost 0.200992| c_reg 0.031888  | perf 0.78
Model saved in file: data/all/LeakyRNN/softplus/diag/1_tasks/128_n_rnn/lr6.0l2_w6.0_h6.0_sig_rec0.05_sig_x0.1_w_rec_coeff0.8_delaydm1/6/model.ckpt
Model saved in file: data/all/LeakyRNN/softplus/diag/1_tasks/128_n_rnn/lr6.0l2_w6.0_h6.0_sig_rec0.05_sig_x0.1_w_rec_coeff0.8_delaydm1/6/ckpts/model.ckpt-15000
Trial  960000  | Time 2072.33 s  | Now training delaydm1
delaydm1       | cost 0.198804| c_reg 0.030308  | perf 0.77
Model saved in file: data/all/LeakyRNN/softplus/diag/1_tasks/128_n_rnn/lr6.0l2_w6.0_h6.0_sig_rec0.05_sig_x0.1_w_rec_coeff0.8_delaydm1/6/model.ckpt
Model saved in file: data/all/LeakyRNN/softplus/diag/1_tasks/128_n_rnn/lr6.0l2_w6.0_h6.0_sig_rec0.05_sig_x0.1_w_rec_coeff0.8_delaydm1/6/ckpts/model.ckpt-16000
Trial 1024000  | Time 2210.37 s  | Now training delaydm1
delaydm1       | cost 0.248972| c_reg 0.030087  | perf 0.64
Model saved in file: data/all/LeakyRNN/softplus/diag/1_tasks/128_n_rnn/lr6.0l2_w6.0_h6.0_sig_rec0.05_sig_x0.1_w_rec_coeff0.8_delaydm1/6/model.ckpt
Model saved in file: data/all/LeakyRNN/softplus/diag/1_tasks/128_n_rnn/lr6.0l2_w6.0_h6.0_sig_rec0.05_sig_x0.1_w_rec_coeff0.8_delaydm1/6/ckpts/model.ckpt-17000
Trial 1088000  | Time 2348.88 s  | Now training delaydm1
delaydm1       | cost 0.173327| c_reg 0.026166  | perf 0.79
Model saved in file: data/all/LeakyRNN/softplus/diag/1_tasks/128_n_rnn/lr6.0l2_w6.0_h6.0_sig_rec0.05_sig_x0.1_w_rec_coeff0.8_delaydm1/6/model.ckpt
Model saved in file: data/all/LeakyRNN/softplus/diag/1_tasks/128_n_rnn/lr6.0l2_w6.0_h6.0_sig_rec0.05_sig_x0.1_w_rec_coeff0.8_delaydm1/6/ckpts/model.ckpt-18000
Trial 1152000  | Time 2487.40 s  | Now training delaydm1
delaydm1       | cost 0.147263| c_reg 0.026173  | perf 0.85
Model saved in file: data/all/LeakyRNN/softplus/diag/1_tasks/128_n_rnn/lr6.0l2_w6.0_h6.0_sig_rec0.05_sig_x0.1_w_rec_coeff0.8_delaydm1/6/model.ckpt
Model saved in file: data/all/LeakyRNN/softplus/diag/1_tasks/128_n_rnn/lr6.0l2_w6.0_h6.0_sig_rec0.05_sig_x0.1_w_rec_coeff0.8_delaydm1/6/ckpts/model.ckpt-19000
Trial 1216000  | Time 2625.73 s  | Now training delaydm1
delaydm1       | cost 0.154196| c_reg 0.024482  | perf 0.82
Model saved in file: data/all/LeakyRNN/softplus/diag/1_tasks/128_n_rnn/lr6.0l2_w6.0_h6.0_sig_rec0.05_sig_x0.1_w_rec_coeff0.8_delaydm1/6/model.ckpt
Model saved in file: data/all/LeakyRNN/softplus/diag/1_tasks/128_n_rnn/lr6.0l2_w6.0_h6.0_sig_rec0.05_sig_x0.1_w_rec_coeff0.8_delaydm1/6/ckpts/model.ckpt-20000
Trial 1280000  | Time 2764.58 s  | Now training delaydm1
delaydm1       | cost 0.153590| c_reg 0.024127  | perf 0.82
Model saved in file: data/all/LeakyRNN/softplus/diag/1_tasks/128_n_rnn/lr6.0l2_w6.0_h6.0_sig_rec0.05_sig_x0.1_w_rec_coeff0.8_delaydm1/6/model.ckpt
Model saved in file: data/all/LeakyRNN/softplus/diag/1_tasks/128_n_rnn/lr6.0l2_w6.0_h6.0_sig_rec0.05_sig_x0.1_w_rec_coeff0.8_delaydm1/6/ckpts/model.ckpt-21000
Trial 1344000  | Time 2903.19 s  | Now training delaydm1
delaydm1       | cost 0.147195| c_reg 0.022640  | perf 0.82
Model saved in file: data/all/LeakyRNN/softplus/diag/1_tasks/128_n_rnn/lr6.0l2_w6.0_h6.0_sig_rec0.05_sig_x0.1_w_rec_coeff0.8_delaydm1/6/model.ckpt
Model saved in file: data/all/LeakyRNN/softplus/diag/1_tasks/128_n_rnn/lr6.0l2_w6.0_h6.0_sig_rec0.05_sig_x0.1_w_rec_coeff0.8_delaydm1/6/ckpts/model.ckpt-22000
Trial 1408000  | Time 3041.04 s  | Now training delaydm1
delaydm1       | cost 0.127445| c_reg 0.023162  | perf 0.87
Model saved in file: data/all/LeakyRNN/softplus/diag/1_tasks/128_n_rnn/lr6.0l2_w6.0_h6.0_sig_rec0.05_sig_x0.1_w_rec_coeff0.8_delaydm1/6/model.ckpt
Model saved in file: data/all/LeakyRNN/softplus/diag/1_tasks/128_n_rnn/lr6.0l2_w6.0_h6.0_sig_rec0.05_sig_x0.1_w_rec_coeff0.8_delaydm1/6/ckpts/model.ckpt-23000
Trial 1472000  | Time 3179.35 s  | Now training delaydm1
delaydm1       | cost 0.136615| c_reg 0.021934  | perf 0.86
Model saved in file: data/all/LeakyRNN/softplus/diag/1_tasks/128_n_rnn/lr6.0l2_w6.0_h6.0_sig_rec0.05_sig_x0.1_w_rec_coeff0.8_delaydm1/6/model.ckpt
Model saved in file: data/all/LeakyRNN/softplus/diag/1_tasks/128_n_rnn/lr6.0l2_w6.0_h6.0_sig_rec0.05_sig_x0.1_w_rec_coeff0.8_delaydm1/6/ckpts/model.ckpt-24000
Trial 1536000  | Time 3318.41 s  | Now training delaydm1
delaydm1       | cost 0.139994| c_reg 0.021579  | perf 0.83
Model saved in file: data/all/LeakyRNN/softplus/diag/1_tasks/128_n_rnn/lr6.0l2_w6.0_h6.0_sig_rec0.05_sig_x0.1_w_rec_coeff0.8_delaydm1/6/model.ckpt
Model saved in file: data/all/LeakyRNN/softplus/diag/1_tasks/128_n_rnn/lr6.0l2_w6.0_h6.0_sig_rec0.05_sig_x0.1_w_rec_coeff0.8_delaydm1/6/ckpts/model.ckpt-25000
Trial 1600000  | Time 3456.65 s  | Now training delaydm1
delaydm1       | cost 0.126773| c_reg 0.021784  | perf 0.81
Model saved in file: data/all/LeakyRNN/softplus/diag/1_tasks/128_n_rnn/lr6.0l2_w6.0_h6.0_sig_rec0.05_sig_x0.1_w_rec_coeff0.8_delaydm1/6/model.ckpt
Model saved in file: data/all/LeakyRNN/softplus/diag/1_tasks/128_n_rnn/lr6.0l2_w6.0_h6.0_sig_rec0.05_sig_x0.1_w_rec_coeff0.8_delaydm1/6/ckpts/model.ckpt-26000
Trial 1664000  | Time 3594.97 s  | Now training delaydm1
delaydm1       | cost 0.140543| c_reg 0.020203  | perf 0.79
Model saved in file: data/all/LeakyRNN/softplus/diag/1_tasks/128_n_rnn/lr6.0l2_w6.0_h6.0_sig_rec0.05_sig_x0.1_w_rec_coeff0.8_delaydm1/6/model.ckpt
Model saved in file: data/all/LeakyRNN/softplus/diag/1_tasks/128_n_rnn/lr6.0l2_w6.0_h6.0_sig_rec0.05_sig_x0.1_w_rec_coeff0.8_delaydm1/6/ckpts/model.ckpt-27000
Trial 1728000  | Time 3731.88 s  | Now training delaydm1
delaydm1       | cost 0.136686| c_reg 0.020986  | perf 0.83
/home/users/lndrisco/code/multitask-nets/stepnet/task.py:144: RuntimeWarning: invalid value encountered in multiply
  self.stim_strength = 100*np.empty((len(locs),4))
Model saved in file: data/all/LeakyRNN/softplus/diag/1_tasks/128_n_rnn/lr6.0l2_w6.0_h6.0_sig_rec0.05_sig_x0.1_w_rec_coeff0.8_delaydm1/6/model.ckpt
Model saved in file: data/all/LeakyRNN/softplus/diag/1_tasks/128_n_rnn/lr6.0l2_w6.0_h6.0_sig_rec0.05_sig_x0.1_w_rec_coeff0.8_delaydm1/6/ckpts/model.ckpt-28000
Trial 1792000  | Time 3869.22 s  | Now training delaydm1
delaydm1       | cost 0.105404| c_reg 0.020344  | perf 0.88
Model saved in file: data/all/LeakyRNN/softplus/diag/1_tasks/128_n_rnn/lr6.0l2_w6.0_h6.0_sig_rec0.05_sig_x0.1_w_rec_coeff0.8_delaydm1/6/model.ckpt
Model saved in file: data/all/LeakyRNN/softplus/diag/1_tasks/128_n_rnn/lr6.0l2_w6.0_h6.0_sig_rec0.05_sig_x0.1_w_rec_coeff0.8_delaydm1/6/ckpts/model.ckpt-29000
Trial 1856000  | Time 4007.43 s  | Now training delaydm1
delaydm1       | cost 0.107779| c_reg 0.019321  | perf 0.88
Model saved in file: data/all/LeakyRNN/softplus/diag/1_tasks/128_n_rnn/lr6.0l2_w6.0_h6.0_sig_rec0.05_sig_x0.1_w_rec_coeff0.8_delaydm1/6/model.ckpt
Model saved in file: data/all/LeakyRNN/softplus/diag/1_tasks/128_n_rnn/lr6.0l2_w6.0_h6.0_sig_rec0.05_sig_x0.1_w_rec_coeff0.8_delaydm1/6/ckpts/model.ckpt-30000
Trial 1920000  | Time 4146.00 s  | Now training delaydm1
delaydm1       | cost 0.120697| c_reg 0.019292  | perf 0.86
Model saved in file: data/all/LeakyRNN/softplus/diag/1_tasks/128_n_rnn/lr6.0l2_w6.0_h6.0_sig_rec0.05_sig_x0.1_w_rec_coeff0.8_delaydm1/6/model.ckpt
Model saved in file: data/all/LeakyRNN/softplus/diag/1_tasks/128_n_rnn/lr6.0l2_w6.0_h6.0_sig_rec0.05_sig_x0.1_w_rec_coeff0.8_delaydm1/6/ckpts/model.ckpt-31000
Trial 1984000  | Time 4285.59 s  | Now training delaydm1
delaydm1       | cost 0.109571| c_reg 0.019157  | perf 0.88
Model saved in file: data/all/LeakyRNN/softplus/diag/1_tasks/128_n_rnn/lr6.0l2_w6.0_h6.0_sig_rec0.05_sig_x0.1_w_rec_coeff0.8_delaydm1/6/model.ckpt
Model saved in file: data/all/LeakyRNN/softplus/diag/1_tasks/128_n_rnn/lr6.0l2_w6.0_h6.0_sig_rec0.05_sig_x0.1_w_rec_coeff0.8_delaydm1/6/ckpts/model.ckpt-32000
Trial 2048000  | Time 4424.44 s  | Now training delaydm1
delaydm1       | cost 0.102910| c_reg 0.017711  | perf 0.89
Model saved in file: data/all/LeakyRNN/softplus/diag/1_tasks/128_n_rnn/lr6.0l2_w6.0_h6.0_sig_rec0.05_sig_x0.1_w_rec_coeff0.8_delaydm1/6/model.ckpt
Model saved in file: data/all/LeakyRNN/softplus/diag/1_tasks/128_n_rnn/lr6.0l2_w6.0_h6.0_sig_rec0.05_sig_x0.1_w_rec_coeff0.8_delaydm1/6/ckpts/model.ckpt-33000
Trial 2112000  | Time 4563.83 s  | Now training delaydm1
delaydm1       | cost 0.096008| c_reg 0.018630  | perf 0.87
Model saved in file: data/all/LeakyRNN/softplus/diag/1_tasks/128_n_rnn/lr6.0l2_w6.0_h6.0_sig_rec0.05_sig_x0.1_w_rec_coeff0.8_delaydm1/6/model.ckpt
Model saved in file: data/all/LeakyRNN/softplus/diag/1_tasks/128_n_rnn/lr6.0l2_w6.0_h6.0_sig_rec0.05_sig_x0.1_w_rec_coeff0.8_delaydm1/6/ckpts/model.ckpt-34000
Trial 2176000  | Time 4702.26 s  | Now training delaydm1
delaydm1       | cost 0.091682| c_reg 0.017570  | perf 0.91
Model saved in file: data/all/LeakyRNN/softplus/diag/1_tasks/128_n_rnn/lr6.0l2_w6.0_h6.0_sig_rec0.05_sig_x0.1_w_rec_coeff0.8_delaydm1/6/model.ckpt
Model saved in file: data/all/LeakyRNN/softplus/diag/1_tasks/128_n_rnn/lr6.0l2_w6.0_h6.0_sig_rec0.05_sig_x0.1_w_rec_coeff0.8_delaydm1/6/ckpts/model.ckpt-35000
Trial 2240000  | Time 4840.01 s  | Now training delaydm1
delaydm1       | cost 0.094335| c_reg 0.017258  | perf 0.90
Model saved in file: data/all/LeakyRNN/softplus/diag/1_tasks/128_n_rnn/lr6.0l2_w6.0_h6.0_sig_rec0.05_sig_x0.1_w_rec_coeff0.8_delaydm1/6/model.ckpt
Model saved in file: data/all/LeakyRNN/softplus/diag/1_tasks/128_n_rnn/lr6.0l2_w6.0_h6.0_sig_rec0.05_sig_x0.1_w_rec_coeff0.8_delaydm1/6/ckpts/model.ckpt-36000
Trial 2304000  | Time 4979.29 s  | Now training delaydm1
delaydm1       | cost 0.113750| c_reg 0.016709  | perf 0.88
Model saved in file: data/all/LeakyRNN/softplus/diag/1_tasks/128_n_rnn/lr6.0l2_w6.0_h6.0_sig_rec0.05_sig_x0.1_w_rec_coeff0.8_delaydm1/6/model.ckpt
Model saved in file: data/all/LeakyRNN/softplus/diag/1_tasks/128_n_rnn/lr6.0l2_w6.0_h6.0_sig_rec0.05_sig_x0.1_w_rec_coeff0.8_delaydm1/6/ckpts/model.ckpt-37000
Trial 2368000  | Time 5117.39 s  | Now training delaydm1
delaydm1       | cost 0.115101| c_reg 0.015699  | perf 0.87
Model saved in file: data/all/LeakyRNN/softplus/diag/1_tasks/128_n_rnn/lr6.0l2_w6.0_h6.0_sig_rec0.05_sig_x0.1_w_rec_coeff0.8_delaydm1/6/model.ckpt
Model saved in file: data/all/LeakyRNN/softplus/diag/1_tasks/128_n_rnn/lr6.0l2_w6.0_h6.0_sig_rec0.05_sig_x0.1_w_rec_coeff0.8_delaydm1/6/ckpts/model.ckpt-38000
Trial 2432000  | Time 5255.72 s  | Now training delaydm1
delaydm1       | cost 0.105862| c_reg 0.015350  | perf 0.88
Model saved in file: data/all/LeakyRNN/softplus/diag/1_tasks/128_n_rnn/lr6.0l2_w6.0_h6.0_sig_rec0.05_sig_x0.1_w_rec_coeff0.8_delaydm1/6/model.ckpt
Model saved in file: data/all/LeakyRNN/softplus/diag/1_tasks/128_n_rnn/lr6.0l2_w6.0_h6.0_sig_rec0.05_sig_x0.1_w_rec_coeff0.8_delaydm1/6/ckpts/model.ckpt-39000
Trial 2496000  | Time 5395.03 s  | Now training delaydm1
delaydm1       | cost 0.113507| c_reg 0.015448  | perf 0.85
Model saved in file: data/all/LeakyRNN/softplus/diag/1_tasks/128_n_rnn/lr6.0l2_w6.0_h6.0_sig_rec0.05_sig_x0.1_w_rec_coeff0.8_delaydm1/6/model.ckpt
Model saved in file: data/all/LeakyRNN/softplus/diag/1_tasks/128_n_rnn/lr6.0l2_w6.0_h6.0_sig_rec0.05_sig_x0.1_w_rec_coeff0.8_delaydm1/6/ckpts/model.ckpt-40000
Trial 2560000  | Time 5534.77 s  | Now training delaydm1
delaydm1       | cost 0.110264| c_reg 0.015544  | perf 0.86
Model saved in file: data/all/LeakyRNN/softplus/diag/1_tasks/128_n_rnn/lr6.0l2_w6.0_h6.0_sig_rec0.05_sig_x0.1_w_rec_coeff0.8_delaydm1/6/model.ckpt
Model saved in file: data/all/LeakyRNN/softplus/diag/1_tasks/128_n_rnn/lr6.0l2_w6.0_h6.0_sig_rec0.05_sig_x0.1_w_rec_coeff0.8_delaydm1/6/ckpts/model.ckpt-41000
Trial 2624000  | Time 5673.06 s  | Now training delaydm1
delaydm1       | cost 0.101480| c_reg 0.015069  | perf 0.87
Model saved in file: data/all/LeakyRNN/softplus/diag/1_tasks/128_n_rnn/lr6.0l2_w6.0_h6.0_sig_rec0.05_sig_x0.1_w_rec_coeff0.8_delaydm1/6/model.ckpt
Model saved in file: data/all/LeakyRNN/softplus/diag/1_tasks/128_n_rnn/lr6.0l2_w6.0_h6.0_sig_rec0.05_sig_x0.1_w_rec_coeff0.8_delaydm1/6/ckpts/model.ckpt-42000
Trial 2688000  | Time 5811.22 s  | Now training delaydm1
delaydm1       | cost 0.100938| c_reg 0.014856  | perf 0.90
Model saved in file: data/all/LeakyRNN/softplus/diag/1_tasks/128_n_rnn/lr6.0l2_w6.0_h6.0_sig_rec0.05_sig_x0.1_w_rec_coeff0.8_delaydm1/6/model.ckpt
Model saved in file: data/all/LeakyRNN/softplus/diag/1_tasks/128_n_rnn/lr6.0l2_w6.0_h6.0_sig_rec0.05_sig_x0.1_w_rec_coeff0.8_delaydm1/6/ckpts/model.ckpt-43000
Trial 2752000  | Time 5949.34 s  | Now training delaydm1
delaydm1       | cost 0.096635| c_reg 0.014100  | perf 0.90
Model saved in file: data/all/LeakyRNN/softplus/diag/1_tasks/128_n_rnn/lr6.0l2_w6.0_h6.0_sig_rec0.05_sig_x0.1_w_rec_coeff0.8_delaydm1/6/model.ckpt
Model saved in file: data/all/LeakyRNN/softplus/diag/1_tasks/128_n_rnn/lr6.0l2_w6.0_h6.0_sig_rec0.05_sig_x0.1_w_rec_coeff0.8_delaydm1/6/ckpts/model.ckpt-44000
Trial 2816000  | Time 6087.74 s  | Now training delaydm1
delaydm1       | cost 0.082092| c_reg 0.014324  | perf 0.91
Model saved in file: data/all/LeakyRNN/softplus/diag/1_tasks/128_n_rnn/lr6.0l2_w6.0_h6.0_sig_rec0.05_sig_x0.1_w_rec_coeff0.8_delaydm1/6/model.ckpt
Model saved in file: data/all/LeakyRNN/softplus/diag/1_tasks/128_n_rnn/lr6.0l2_w6.0_h6.0_sig_rec0.05_sig_x0.1_w_rec_coeff0.8_delaydm1/6/ckpts/model.ckpt-45000
Trial 2880000  | Time 6226.01 s  | Now training delaydm1
delaydm1       | cost 0.087487| c_reg 0.013959  | perf 0.92
Model saved in file: data/all/LeakyRNN/softplus/diag/1_tasks/128_n_rnn/lr6.0l2_w6.0_h6.0_sig_rec0.05_sig_x0.1_w_rec_coeff0.8_delaydm1/6/model.ckpt
Model saved in file: data/all/LeakyRNN/softplus/diag/1_tasks/128_n_rnn/lr6.0l2_w6.0_h6.0_sig_rec0.05_sig_x0.1_w_rec_coeff0.8_delaydm1/6/ckpts/model.ckpt-46000
Trial 2944000  | Time 6363.45 s  | Now training delaydm1
delaydm1       | cost 0.085961| c_reg 0.013948  | perf 0.91
Model saved in file: data/all/LeakyRNN/softplus/diag/1_tasks/128_n_rnn/lr6.0l2_w6.0_h6.0_sig_rec0.05_sig_x0.1_w_rec_coeff0.8_delaydm1/6/model.ckpt
Model saved in file: data/all/LeakyRNN/softplus/diag/1_tasks/128_n_rnn/lr6.0l2_w6.0_h6.0_sig_rec0.05_sig_x0.1_w_rec_coeff0.8_delaydm1/6/ckpts/model.ckpt-47000
Trial 3008000  | Time 6502.96 s  | Now training delaydm1
delaydm1       | cost 0.083935| c_reg 0.014082  | perf 0.91
Model saved in file: data/all/LeakyRNN/softplus/diag/1_tasks/128_n_rnn/lr6.0l2_w6.0_h6.0_sig_rec0.05_sig_x0.1_w_rec_coeff0.8_delaydm1/6/model.ckpt
Model saved in file: data/all/LeakyRNN/softplus/diag/1_tasks/128_n_rnn/lr6.0l2_w6.0_h6.0_sig_rec0.05_sig_x0.1_w_rec_coeff0.8_delaydm1/6/ckpts/model.ckpt-48000
Trial 3072000  | Time 6643.41 s  | Now training delaydm1
delaydm1       | cost 0.075386| c_reg 0.013621  | perf 0.92
Model saved in file: data/all/LeakyRNN/softplus/diag/1_tasks/128_n_rnn/lr6.0l2_w6.0_h6.0_sig_rec0.05_sig_x0.1_w_rec_coeff0.8_delaydm1/6/model.ckpt
Model saved in file: data/all/LeakyRNN/softplus/diag/1_tasks/128_n_rnn/lr6.0l2_w6.0_h6.0_sig_rec0.05_sig_x0.1_w_rec_coeff0.8_delaydm1/6/ckpts/model.ckpt-49000
Trial 3136000  | Time 6783.29 s  | Now training delaydm1
delaydm1       | cost 0.081029| c_reg 0.013384  | perf 0.91
Model saved in file: data/all/LeakyRNN/softplus/diag/1_tasks/128_n_rnn/lr6.0l2_w6.0_h6.0_sig_rec0.05_sig_x0.1_w_rec_coeff0.8_delaydm1/6/model.ckpt
Model saved in file: data/all/LeakyRNN/softplus/diag/1_tasks/128_n_rnn/lr6.0l2_w6.0_h6.0_sig_rec0.05_sig_x0.1_w_rec_coeff0.8_delaydm1/6/ckpts/model.ckpt-50000
Trial 3200000  | Time 6920.93 s  | Now training delaydm1
delaydm1       | cost 0.087501| c_reg 0.013090  | perf 0.92
Model saved in file: data/all/LeakyRNN/softplus/diag/1_tasks/128_n_rnn/lr6.0l2_w6.0_h6.0_sig_rec0.05_sig_x0.1_w_rec_coeff0.8_delaydm1/6/model.ckpt
Model saved in file: data/all/LeakyRNN/softplus/diag/1_tasks/128_n_rnn/lr6.0l2_w6.0_h6.0_sig_rec0.05_sig_x0.1_w_rec_coeff0.8_delaydm1/6/ckpts/model.ckpt-51000
Trial 3264000  | Time 7058.42 s  | Now training delaydm1
delaydm1       | cost 0.085572| c_reg 0.013303  | perf 0.92
Model saved in file: data/all/LeakyRNN/softplus/diag/1_tasks/128_n_rnn/lr6.0l2_w6.0_h6.0_sig_rec0.05_sig_x0.1_w_rec_coeff0.8_delaydm1/6/model.ckpt
Model saved in file: data/all/LeakyRNN/softplus/diag/1_tasks/128_n_rnn/lr6.0l2_w6.0_h6.0_sig_rec0.05_sig_x0.1_w_rec_coeff0.8_delaydm1/6/ckpts/model.ckpt-52000
Trial 3328000  | Time 7197.73 s  | Now training delaydm1
delaydm1       | cost 0.082231| c_reg 0.012904  | perf 0.92
Model saved in file: data/all/LeakyRNN/softplus/diag/1_tasks/128_n_rnn/lr6.0l2_w6.0_h6.0_sig_rec0.05_sig_x0.1_w_rec_coeff0.8_delaydm1/6/model.ckpt
Model saved in file: data/all/LeakyRNN/softplus/diag/1_tasks/128_n_rnn/lr6.0l2_w6.0_h6.0_sig_rec0.05_sig_x0.1_w_rec_coeff0.8_delaydm1/6/ckpts/model.ckpt-53000
Trial 3392000  | Time 7336.97 s  | Now training delaydm1
delaydm1       | cost 0.107182| c_reg 0.012603  | perf 0.83
Model saved in file: data/all/LeakyRNN/softplus/diag/1_tasks/128_n_rnn/lr6.0l2_w6.0_h6.0_sig_rec0.05_sig_x0.1_w_rec_coeff0.8_delaydm1/6/model.ckpt
Model saved in file: data/all/LeakyRNN/softplus/diag/1_tasks/128_n_rnn/lr6.0l2_w6.0_h6.0_sig_rec0.05_sig_x0.1_w_rec_coeff0.8_delaydm1/6/ckpts/model.ckpt-54000
Trial 3456000  | Time 7476.49 s  | Now training delaydm1
delaydm1       | cost 0.114087| c_reg 0.012446  | perf 0.84
Model saved in file: data/all/LeakyRNN/softplus/diag/1_tasks/128_n_rnn/lr6.0l2_w6.0_h6.0_sig_rec0.05_sig_x0.1_w_rec_coeff0.8_delaydm1/6/model.ckpt
Model saved in file: data/all/LeakyRNN/softplus/diag/1_tasks/128_n_rnn/lr6.0l2_w6.0_h6.0_sig_rec0.05_sig_x0.1_w_rec_coeff0.8_delaydm1/6/ckpts/model.ckpt-55000
Trial 3520000  | Time 7615.42 s  | Now training delaydm1
delaydm1       | cost 0.081668| c_reg 0.012386  | perf 0.92
Model saved in file: data/all/LeakyRNN/softplus/diag/1_tasks/128_n_rnn/lr6.0l2_w6.0_h6.0_sig_rec0.05_sig_x0.1_w_rec_coeff0.8_delaydm1/6/model.ckpt
Model saved in file: data/all/LeakyRNN/softplus/diag/1_tasks/128_n_rnn/lr6.0l2_w6.0_h6.0_sig_rec0.05_sig_x0.1_w_rec_coeff0.8_delaydm1/6/ckpts/model.ckpt-56000
Trial 3584000  | Time 7753.49 s  | Now training delaydm1
delaydm1       | cost 0.079251| c_reg 0.012589  | perf 0.93
Model saved in file: data/all/LeakyRNN/softplus/diag/1_tasks/128_n_rnn/lr6.0l2_w6.0_h6.0_sig_rec0.05_sig_x0.1_w_rec_coeff0.8_delaydm1/6/model.ckpt
Model saved in file: data/all/LeakyRNN/softplus/diag/1_tasks/128_n_rnn/lr6.0l2_w6.0_h6.0_sig_rec0.05_sig_x0.1_w_rec_coeff0.8_delaydm1/6/ckpts/model.ckpt-57000
Trial 3648000  | Time 7892.27 s  | Now training delaydm1
delaydm1       | cost 0.093999| c_reg 0.011774  | perf 0.89
Model saved in file: data/all/LeakyRNN/softplus/diag/1_tasks/128_n_rnn/lr6.0l2_w6.0_h6.0_sig_rec0.05_sig_x0.1_w_rec_coeff0.8_delaydm1/6/model.ckpt
Model saved in file: data/all/LeakyRNN/softplus/diag/1_tasks/128_n_rnn/lr6.0l2_w6.0_h6.0_sig_rec0.05_sig_x0.1_w_rec_coeff0.8_delaydm1/6/ckpts/model.ckpt-58000
Trial 3712000  | Time 8029.81 s  | Now training delaydm1
delaydm1       | cost 0.081707| c_reg 0.011562  | perf 0.91
Model saved in file: data/all/LeakyRNN/softplus/diag/1_tasks/128_n_rnn/lr6.0l2_w6.0_h6.0_sig_rec0.05_sig_x0.1_w_rec_coeff0.8_delaydm1/6/model.ckpt
Model saved in file: data/all/LeakyRNN/softplus/diag/1_tasks/128_n_rnn/lr6.0l2_w6.0_h6.0_sig_rec0.05_sig_x0.1_w_rec_coeff0.8_delaydm1/6/ckpts/model.ckpt-59000
Trial 3776000  | Time 8169.70 s  | Now training delaydm1
delaydm1       | cost 0.103789| c_reg 0.011368  | perf 0.87
Model saved in file: data/all/LeakyRNN/softplus/diag/1_tasks/128_n_rnn/lr6.0l2_w6.0_h6.0_sig_rec0.05_sig_x0.1_w_rec_coeff0.8_delaydm1/6/model.ckpt
Model saved in file: data/all/LeakyRNN/softplus/diag/1_tasks/128_n_rnn/lr6.0l2_w6.0_h6.0_sig_rec0.05_sig_x0.1_w_rec_coeff0.8_delaydm1/6/ckpts/model.ckpt-60000
Trial 3840000  | Time 8309.17 s  | Now training delaydm1
delaydm1       | cost 0.080154| c_reg 0.011463  | perf 0.93
Model saved in file: data/all/LeakyRNN/softplus/diag/1_tasks/128_n_rnn/lr6.0l2_w6.0_h6.0_sig_rec0.05_sig_x0.1_w_rec_coeff0.8_delaydm1/6/model.ckpt
Model saved in file: data/all/LeakyRNN/softplus/diag/1_tasks/128_n_rnn/lr6.0l2_w6.0_h6.0_sig_rec0.05_sig_x0.1_w_rec_coeff0.8_delaydm1/6/ckpts/model.ckpt-61000
Trial 3904000  | Time 8446.90 s  | Now training delaydm1
delaydm1       | cost 0.091300| c_reg 0.011512  | perf 0.87
Model saved in file: data/all/LeakyRNN/softplus/diag/1_tasks/128_n_rnn/lr6.0l2_w6.0_h6.0_sig_rec0.05_sig_x0.1_w_rec_coeff0.8_delaydm1/6/model.ckpt
Model saved in file: data/all/LeakyRNN/softplus/diag/1_tasks/128_n_rnn/lr6.0l2_w6.0_h6.0_sig_rec0.05_sig_x0.1_w_rec_coeff0.8_delaydm1/6/ckpts/model.ckpt-62000
Trial 3968000  | Time 8586.19 s  | Now training delaydm1
delaydm1       | cost 0.100506| c_reg 0.011305  | perf 0.86
Model saved in file: data/all/LeakyRNN/softplus/diag/1_tasks/128_n_rnn/lr6.0l2_w6.0_h6.0_sig_rec0.05_sig_x0.1_w_rec_coeff0.8_delaydm1/6/model.ckpt
Model saved in file: data/all/LeakyRNN/softplus/diag/1_tasks/128_n_rnn/lr6.0l2_w6.0_h6.0_sig_rec0.05_sig_x0.1_w_rec_coeff0.8_delaydm1/6/ckpts/model.ckpt-63000
Trial 4032000  | Time 8724.34 s  | Now training delaydm1
delaydm1       | cost 0.086793| c_reg 0.011245  | perf 0.91
Model saved in file: data/all/LeakyRNN/softplus/diag/1_tasks/128_n_rnn/lr6.0l2_w6.0_h6.0_sig_rec0.05_sig_x0.1_w_rec_coeff0.8_delaydm1/6/model.ckpt
Model saved in file: data/all/LeakyRNN/softplus/diag/1_tasks/128_n_rnn/lr6.0l2_w6.0_h6.0_sig_rec0.05_sig_x0.1_w_rec_coeff0.8_delaydm1/6/ckpts/model.ckpt-64000
Trial 4096000  | Time 8862.87 s  | Now training delaydm1
delaydm1       | cost 0.073131| c_reg 0.011166  | perf 0.93
Model saved in file: data/all/LeakyRNN/softplus/diag/1_tasks/128_n_rnn/lr6.0l2_w6.0_h6.0_sig_rec0.05_sig_x0.1_w_rec_coeff0.8_delaydm1/6/model.ckpt
Model saved in file: data/all/LeakyRNN/softplus/diag/1_tasks/128_n_rnn/lr6.0l2_w6.0_h6.0_sig_rec0.05_sig_x0.1_w_rec_coeff0.8_delaydm1/6/ckpts/model.ckpt-65000
Trial 4160000  | Time 9002.21 s  | Now training delaydm1
delaydm1       | cost 0.078801| c_reg 0.011044  | perf 0.92
Model saved in file: data/all/LeakyRNN/softplus/diag/1_tasks/128_n_rnn/lr6.0l2_w6.0_h6.0_sig_rec0.05_sig_x0.1_w_rec_coeff0.8_delaydm1/6/model.ckpt
Model saved in file: data/all/LeakyRNN/softplus/diag/1_tasks/128_n_rnn/lr6.0l2_w6.0_h6.0_sig_rec0.05_sig_x0.1_w_rec_coeff0.8_delaydm1/6/ckpts/model.ckpt-66000
Trial 4224000  | Time 9140.37 s  | Now training delaydm1
delaydm1       | cost 0.086457| c_reg 0.011228  | perf 0.90
Model saved in file: data/all/LeakyRNN/softplus/diag/1_tasks/128_n_rnn/lr6.0l2_w6.0_h6.0_sig_rec0.05_sig_x0.1_w_rec_coeff0.8_delaydm1/6/model.ckpt
Model saved in file: data/all/LeakyRNN/softplus/diag/1_tasks/128_n_rnn/lr6.0l2_w6.0_h6.0_sig_rec0.05_sig_x0.1_w_rec_coeff0.8_delaydm1/6/ckpts/model.ckpt-67000
Trial 4288000  | Time 9279.07 s  | Now training delaydm1
delaydm1       | cost 0.083908| c_reg 0.011345  | perf 0.91
Model saved in file: data/all/LeakyRNN/softplus/diag/1_tasks/128_n_rnn/lr6.0l2_w6.0_h6.0_sig_rec0.05_sig_x0.1_w_rec_coeff0.8_delaydm1/6/model.ckpt
Model saved in file: data/all/LeakyRNN/softplus/diag/1_tasks/128_n_rnn/lr6.0l2_w6.0_h6.0_sig_rec0.05_sig_x0.1_w_rec_coeff0.8_delaydm1/6/ckpts/model.ckpt-68000
Trial 4352000  | Time 9417.52 s  | Now training delaydm1
delaydm1       | cost 0.077580| c_reg 0.010783  | perf 0.93
Model saved in file: data/all/LeakyRNN/softplus/diag/1_tasks/128_n_rnn/lr6.0l2_w6.0_h6.0_sig_rec0.05_sig_x0.1_w_rec_coeff0.8_delaydm1/6/model.ckpt
Model saved in file: data/all/LeakyRNN/softplus/diag/1_tasks/128_n_rnn/lr6.0l2_w6.0_h6.0_sig_rec0.05_sig_x0.1_w_rec_coeff0.8_delaydm1/6/ckpts/model.ckpt-69000
Trial 4416000  | Time 9555.03 s  | Now training delaydm1
delaydm1       | cost 0.099798| c_reg 0.011093  | perf 0.85
Model saved in file: data/all/LeakyRNN/softplus/diag/1_tasks/128_n_rnn/lr6.0l2_w6.0_h6.0_sig_rec0.05_sig_x0.1_w_rec_coeff0.8_delaydm1/6/model.ckpt
Model saved in file: data/all/LeakyRNN/softplus/diag/1_tasks/128_n_rnn/lr6.0l2_w6.0_h6.0_sig_rec0.05_sig_x0.1_w_rec_coeff0.8_delaydm1/6/ckpts/model.ckpt-70000
Trial 4480000  | Time 9692.71 s  | Now training delaydm1
delaydm1       | cost 0.071698| c_reg 0.010702  | perf 0.93
Model saved in file: data/all/LeakyRNN/softplus/diag/1_tasks/128_n_rnn/lr6.0l2_w6.0_h6.0_sig_rec0.05_sig_x0.1_w_rec_coeff0.8_delaydm1/6/model.ckpt
Model saved in file: data/all/LeakyRNN/softplus/diag/1_tasks/128_n_rnn/lr6.0l2_w6.0_h6.0_sig_rec0.05_sig_x0.1_w_rec_coeff0.8_delaydm1/6/ckpts/model.ckpt-71000
Trial 4544000  | Time 9827.37 s  | Now training delaydm1
delaydm1       | cost 0.071965| c_reg 0.010549  | perf 0.94
Model saved in file: data/all/LeakyRNN/softplus/diag/1_tasks/128_n_rnn/lr6.0l2_w6.0_h6.0_sig_rec0.05_sig_x0.1_w_rec_coeff0.8_delaydm1/6/model.ckpt
Model saved in file: data/all/LeakyRNN/softplus/diag/1_tasks/128_n_rnn/lr6.0l2_w6.0_h6.0_sig_rec0.05_sig_x0.1_w_rec_coeff0.8_delaydm1/6/ckpts/model.ckpt-72000
Trial 4608000  | Time 9963.90 s  | Now training delaydm1
delaydm1       | cost 0.075057| c_reg 0.010281  | perf 0.93
Model saved in file: data/all/LeakyRNN/softplus/diag/1_tasks/128_n_rnn/lr6.0l2_w6.0_h6.0_sig_rec0.05_sig_x0.1_w_rec_coeff0.8_delaydm1/6/model.ckpt
Model saved in file: data/all/LeakyRNN/softplus/diag/1_tasks/128_n_rnn/lr6.0l2_w6.0_h6.0_sig_rec0.05_sig_x0.1_w_rec_coeff0.8_delaydm1/6/ckpts/model.ckpt-73000
Trial 4672000  | Time 10099.97 s  | Now training delaydm1
delaydm1       | cost 0.076412| c_reg 0.010553  | perf 0.94
Model saved in file: data/all/LeakyRNN/softplus/diag/1_tasks/128_n_rnn/lr6.0l2_w6.0_h6.0_sig_rec0.05_sig_x0.1_w_rec_coeff0.8_delaydm1/6/model.ckpt
Model saved in file: data/all/LeakyRNN/softplus/diag/1_tasks/128_n_rnn/lr6.0l2_w6.0_h6.0_sig_rec0.05_sig_x0.1_w_rec_coeff0.8_delaydm1/6/ckpts/model.ckpt-74000
Trial 4736000  | Time 10236.94 s  | Now training delaydm1
delaydm1       | cost 0.077085| c_reg 0.010318  | perf 0.93
Model saved in file: data/all/LeakyRNN/softplus/diag/1_tasks/128_n_rnn/lr6.0l2_w6.0_h6.0_sig_rec0.05_sig_x0.1_w_rec_coeff0.8_delaydm1/6/model.ckpt
Model saved in file: data/all/LeakyRNN/softplus/diag/1_tasks/128_n_rnn/lr6.0l2_w6.0_h6.0_sig_rec0.05_sig_x0.1_w_rec_coeff0.8_delaydm1/6/ckpts/model.ckpt-75000
Trial 4800000  | Time 10374.26 s  | Now training delaydm1
delaydm1       | cost 0.076574| c_reg 0.010316  | perf 0.93
Model saved in file: data/all/LeakyRNN/softplus/diag/1_tasks/128_n_rnn/lr6.0l2_w6.0_h6.0_sig_rec0.05_sig_x0.1_w_rec_coeff0.8_delaydm1/6/model.ckpt
Model saved in file: data/all/LeakyRNN/softplus/diag/1_tasks/128_n_rnn/lr6.0l2_w6.0_h6.0_sig_rec0.05_sig_x0.1_w_rec_coeff0.8_delaydm1/6/ckpts/model.ckpt-76000
Trial 4864000  | Time 10509.92 s  | Now training delaydm1
delaydm1       | cost 0.078056| c_reg 0.010431  | perf 0.93
Model saved in file: data/all/LeakyRNN/softplus/diag/1_tasks/128_n_rnn/lr6.0l2_w6.0_h6.0_sig_rec0.05_sig_x0.1_w_rec_coeff0.8_delaydm1/6/model.ckpt
Model saved in file: data/all/LeakyRNN/softplus/diag/1_tasks/128_n_rnn/lr6.0l2_w6.0_h6.0_sig_rec0.05_sig_x0.1_w_rec_coeff0.8_delaydm1/6/ckpts/model.ckpt-77000
Trial 4928000  | Time 10647.46 s  | Now training delaydm1
delaydm1       | cost 0.071445| c_reg 0.010027  | perf 0.93
Model saved in file: data/all/LeakyRNN/softplus/diag/1_tasks/128_n_rnn/lr6.0l2_w6.0_h6.0_sig_rec0.05_sig_x0.1_w_rec_coeff0.8_delaydm1/6/model.ckpt
Model saved in file: data/all/LeakyRNN/softplus/diag/1_tasks/128_n_rnn/lr6.0l2_w6.0_h6.0_sig_rec0.05_sig_x0.1_w_rec_coeff0.8_delaydm1/6/ckpts/model.ckpt-78000
Trial 4992000  | Time 10784.35 s  | Now training delaydm1
delaydm1       | cost 0.077588| c_reg 0.010125  | perf 0.93
Model saved in file: data/all/LeakyRNN/softplus/diag/1_tasks/128_n_rnn/lr6.0l2_w6.0_h6.0_sig_rec0.05_sig_x0.1_w_rec_coeff0.8_delaydm1/6/model.ckpt
Model saved in file: data/all/LeakyRNN/softplus/diag/1_tasks/128_n_rnn/lr6.0l2_w6.0_h6.0_sig_rec0.05_sig_x0.1_w_rec_coeff0.8_delaydm1/6/ckpts/model.ckpt-79000
Trial 5056000  | Time 10921.05 s  | Now training delaydm1
delaydm1       | cost 0.069137| c_reg 0.010200  | perf 0.94
Model saved in file: data/all/LeakyRNN/softplus/diag/1_tasks/128_n_rnn/lr6.0l2_w6.0_h6.0_sig_rec0.05_sig_x0.1_w_rec_coeff0.8_delaydm1/6/model.ckpt
Model saved in file: data/all/LeakyRNN/softplus/diag/1_tasks/128_n_rnn/lr6.0l2_w6.0_h6.0_sig_rec0.05_sig_x0.1_w_rec_coeff0.8_delaydm1/6/ckpts/model.ckpt-80000
Trial 5120000  | Time 11057.87 s  | Now training delaydm1
delaydm1       | cost 0.088839| c_reg 0.009942  | perf 0.91
Model saved in file: data/all/LeakyRNN/softplus/diag/1_tasks/128_n_rnn/lr6.0l2_w6.0_h6.0_sig_rec0.05_sig_x0.1_w_rec_coeff0.8_delaydm1/6/model.ckpt
Model saved in file: data/all/LeakyRNN/softplus/diag/1_tasks/128_n_rnn/lr6.0l2_w6.0_h6.0_sig_rec0.05_sig_x0.1_w_rec_coeff0.8_delaydm1/6/ckpts/model.ckpt-81000
Trial 5184000  | Time 11195.76 s  | Now training delaydm1
delaydm1       | cost 0.082345| c_reg 0.010131  | perf 0.91
Model saved in file: data/all/LeakyRNN/softplus/diag/1_tasks/128_n_rnn/lr6.0l2_w6.0_h6.0_sig_rec0.05_sig_x0.1_w_rec_coeff0.8_delaydm1/6/model.ckpt
Model saved in file: data/all/LeakyRNN/softplus/diag/1_tasks/128_n_rnn/lr6.0l2_w6.0_h6.0_sig_rec0.05_sig_x0.1_w_rec_coeff0.8_delaydm1/6/ckpts/model.ckpt-82000
Trial 5248000  | Time 11333.76 s  | Now training delaydm1
delaydm1       | cost 0.072813| c_reg 0.009913  | perf 0.93
Model saved in file: data/all/LeakyRNN/softplus/diag/1_tasks/128_n_rnn/lr6.0l2_w6.0_h6.0_sig_rec0.05_sig_x0.1_w_rec_coeff0.8_delaydm1/6/model.ckpt
Model saved in file: data/all/LeakyRNN/softplus/diag/1_tasks/128_n_rnn/lr6.0l2_w6.0_h6.0_sig_rec0.05_sig_x0.1_w_rec_coeff0.8_delaydm1/6/ckpts/model.ckpt-83000
Trial 5312000  | Time 11469.65 s  | Now training delaydm1
delaydm1       | cost 0.088173| c_reg 0.009580  | perf 0.92
Model saved in file: data/all/LeakyRNN/softplus/diag/1_tasks/128_n_rnn/lr6.0l2_w6.0_h6.0_sig_rec0.05_sig_x0.1_w_rec_coeff0.8_delaydm1/6/model.ckpt
Model saved in file: data/all/LeakyRNN/softplus/diag/1_tasks/128_n_rnn/lr6.0l2_w6.0_h6.0_sig_rec0.05_sig_x0.1_w_rec_coeff0.8_delaydm1/6/ckpts/model.ckpt-84000
Trial 5376000  | Time 11604.85 s  | Now training delaydm1
delaydm1       | cost 0.081962| c_reg 0.009765  | perf 0.93
