-------------------------------------------------------------------------------
There are messages associated with the following module(s):
-------------------------------------------------------------------------------

py-scipystack/1.0_py27:
    The SciPy Stack module is deprecated. Please use those individual
    modules instead: py-scipy, py-numpy, py-matplotlib, py-pandas, py-sympy


py-tensorflow/1.9.0_py27:
    This module is deprecated and will soon be removed.

-------------------------------------------------------------------------------

2022-07-31 14:31:48.259331: I tensorflow/core/platform/cpu_feature_guard.cc:141] Your CPU supports instructions that this TensorFlow binary was not compiled to use: AVX2 FMA
2022-07-31 14:31:48.263643: E tensorflow/stream_executor/cuda/cuda_driver.cc:397] failed call to cuInit: CUDA_ERROR_NO_DEVICE
2022-07-31 14:31:48.263671: I tensorflow/stream_executor/cuda/cuda_diagnostics.cc:158] retrieving CUDA diagnostic information for host: sh03-15n16.int
2022-07-31 14:31:48.263676: I tensorflow/stream_executor/cuda/cuda_diagnostics.cc:165] hostname: sh03-15n16.int
2022-07-31 14:31:48.263705: I tensorflow/stream_executor/cuda/cuda_diagnostics.cc:189] libcuda reported version is: 510.47.3
2022-07-31 14:31:48.263731: I tensorflow/stream_executor/cuda/cuda_diagnostics.cc:193] kernel reported version is: 510.47.3
2022-07-31 14:31:48.263736: I tensorflow/stream_executor/cuda/cuda_diagnostics.cc:300] kernel version seems to match DSO: 510.47.3
WARNING:tensorflow:From /share/software/user/open/py-tensorflow/1.9.0_py27/lib/python2.7/site-packages/tensorflow/python/util/tf_should_use.py:118: initialize_all_variables (from tensorflow.python.ops.variables) is deprecated and will be removed after 2017-03-02.
Instructions for updating:
Use `tf.global_variables_initializer` instead.
Variables being optimized:
<tf.Variable 'rnn/leaky_rnn_cell/kernel:0' shape=(148, 128) dtype=float32_ref>
<tf.Variable 'rnn/leaky_rnn_cell/bias:0' shape=(128,) dtype=float32_ref>
<tf.Variable 'output/weights:0' shape=(128, 3) dtype=float32_ref>
<tf.Variable 'output/biases:0' shape=(3,) dtype=float32_ref>
tau                  = 100
l2_weight_init       = 0
w_rec_init           = diag
alpha                = 0.2
target_cost          = 0
l2_h                 = 1e-06
n_eachring           = 2
rule_start           = 5
sigma_x              = 0.1
w_rec_coeff          = 0.8
batch_size_train     = 64
target_perf          = 1.0
l1_h                 = 0.0
n_rnn                = 128
rules                = ['dmcgo']
n_output             = 3
p_weight_train       = None
learning_rate        = 0.001
save_name            = test
ruleset              = all
loss_type            = lsq
optimizer            = adam
rule_probs           = [1.0]
n_input              = 20
l1_weight            = 0.0
activation           = softplus
out_type             = all
rng                  = <mtrand.RandomState object at 0x7fa7a1a03b40>
c_intsyn             = 0
l2_weight            = 1e-06
num_ring             = 2
dt                   = 20
seed                 = 6
in_type              = normal
use_separate_input   = False
rule_trains          = ['dmcgo']
batch_size_test      = 8192
sigma_rec            = 0.05
n_rule               = 15
rnn_type             = LeakyRNN
n_rep                = 256
ksi_intsyn           = 0
Model saved in file: data/all/LeakyRNN/softplus/diag/1_tasks/128_n_rnn/lr6.0l2_w6.0_h6.0_sig_rec0.05_sig_x0.1_w_rec_coeff0.8_dmcgo/6/ckpts/model.ckpt-0
Trial       0  | Time 0.29 s  | Now training dmcgo
dmcgo          | cost 47.542595| c_reg 0.740144  | perf 0.05
Model saved in file: data/all/LeakyRNN/softplus/diag/1_tasks/128_n_rnn/lr6.0l2_w6.0_h6.0_sig_rec0.05_sig_x0.1_w_rec_coeff0.8_dmcgo/6/model.ckpt
Model saved in file: data/all/LeakyRNN/softplus/diag/1_tasks/128_n_rnn/lr6.0l2_w6.0_h6.0_sig_rec0.05_sig_x0.1_w_rec_coeff0.8_dmcgo/6/ckpts/model.ckpt-1
Model saved in file: data/all/LeakyRNN/softplus/diag/1_tasks/128_n_rnn/lr6.0l2_w6.0_h6.0_sig_rec0.05_sig_x0.1_w_rec_coeff0.8_dmcgo/6/ckpts/model.ckpt-2
Model saved in file: data/all/LeakyRNN/softplus/diag/1_tasks/128_n_rnn/lr6.0l2_w6.0_h6.0_sig_rec0.05_sig_x0.1_w_rec_coeff0.8_dmcgo/6/ckpts/model.ckpt-3
Model saved in file: data/all/LeakyRNN/softplus/diag/1_tasks/128_n_rnn/lr6.0l2_w6.0_h6.0_sig_rec0.05_sig_x0.1_w_rec_coeff0.8_dmcgo/6/ckpts/model.ckpt-4
Model saved in file: data/all/LeakyRNN/softplus/diag/1_tasks/128_n_rnn/lr6.0l2_w6.0_h6.0_sig_rec0.05_sig_x0.1_w_rec_coeff0.8_dmcgo/6/ckpts/model.ckpt-5
Model saved in file: data/all/LeakyRNN/softplus/diag/1_tasks/128_n_rnn/lr6.0l2_w6.0_h6.0_sig_rec0.05_sig_x0.1_w_rec_coeff0.8_dmcgo/6/ckpts/model.ckpt-6
Model saved in file: data/all/LeakyRNN/softplus/diag/1_tasks/128_n_rnn/lr6.0l2_w6.0_h6.0_sig_rec0.05_sig_x0.1_w_rec_coeff0.8_dmcgo/6/ckpts/model.ckpt-7
Model saved in file: data/all/LeakyRNN/softplus/diag/1_tasks/128_n_rnn/lr6.0l2_w6.0_h6.0_sig_rec0.05_sig_x0.1_w_rec_coeff0.8_dmcgo/6/ckpts/model.ckpt-8
Model saved in file: data/all/LeakyRNN/softplus/diag/1_tasks/128_n_rnn/lr6.0l2_w6.0_h6.0_sig_rec0.05_sig_x0.1_w_rec_coeff0.8_dmcgo/6/ckpts/model.ckpt-9
Model saved in file: data/all/LeakyRNN/softplus/diag/1_tasks/128_n_rnn/lr6.0l2_w6.0_h6.0_sig_rec0.05_sig_x0.1_w_rec_coeff0.8_dmcgo/6/ckpts/model.ckpt-1000
Trial   64000  | Time 99.49 s  | Now training dmcgo
dmcgo          | cost 1.324689| c_reg 0.158745  | perf 0.47
Model saved in file: data/all/LeakyRNN/softplus/diag/1_tasks/128_n_rnn/lr6.0l2_w6.0_h6.0_sig_rec0.05_sig_x0.1_w_rec_coeff0.8_dmcgo/6/model.ckpt
Model saved in file: data/all/LeakyRNN/softplus/diag/1_tasks/128_n_rnn/lr6.0l2_w6.0_h6.0_sig_rec0.05_sig_x0.1_w_rec_coeff0.8_dmcgo/6/ckpts/model.ckpt-2000
Trial  128000  | Time 200.12 s  | Now training dmcgo
dmcgo          | cost 1.321880| c_reg 0.106491  | perf 0.47
Model saved in file: data/all/LeakyRNN/softplus/diag/1_tasks/128_n_rnn/lr6.0l2_w6.0_h6.0_sig_rec0.05_sig_x0.1_w_rec_coeff0.8_dmcgo/6/model.ckpt
Model saved in file: data/all/LeakyRNN/softplus/diag/1_tasks/128_n_rnn/lr6.0l2_w6.0_h6.0_sig_rec0.05_sig_x0.1_w_rec_coeff0.8_dmcgo/6/ckpts/model.ckpt-3000
Trial  192000  | Time 300.25 s  | Now training dmcgo
dmcgo          | cost 1.287174| c_reg 0.077584  | perf 0.48
Model saved in file: data/all/LeakyRNN/softplus/diag/1_tasks/128_n_rnn/lr6.0l2_w6.0_h6.0_sig_rec0.05_sig_x0.1_w_rec_coeff0.8_dmcgo/6/model.ckpt
Model saved in file: data/all/LeakyRNN/softplus/diag/1_tasks/128_n_rnn/lr6.0l2_w6.0_h6.0_sig_rec0.05_sig_x0.1_w_rec_coeff0.8_dmcgo/6/ckpts/model.ckpt-4000
Trial  256000  | Time 401.38 s  | Now training dmcgo
dmcgo          | cost 1.301172| c_reg 0.059914  | perf 0.46
Model saved in file: data/all/LeakyRNN/softplus/diag/1_tasks/128_n_rnn/lr6.0l2_w6.0_h6.0_sig_rec0.05_sig_x0.1_w_rec_coeff0.8_dmcgo/6/model.ckpt
Model saved in file: data/all/LeakyRNN/softplus/diag/1_tasks/128_n_rnn/lr6.0l2_w6.0_h6.0_sig_rec0.05_sig_x0.1_w_rec_coeff0.8_dmcgo/6/ckpts/model.ckpt-5000
Trial  320000  | Time 501.49 s  | Now training dmcgo
dmcgo          | cost 1.307430| c_reg 0.047647  | perf 0.46
Model saved in file: data/all/LeakyRNN/softplus/diag/1_tasks/128_n_rnn/lr6.0l2_w6.0_h6.0_sig_rec0.05_sig_x0.1_w_rec_coeff0.8_dmcgo/6/model.ckpt
Model saved in file: data/all/LeakyRNN/softplus/diag/1_tasks/128_n_rnn/lr6.0l2_w6.0_h6.0_sig_rec0.05_sig_x0.1_w_rec_coeff0.8_dmcgo/6/ckpts/model.ckpt-6000
Trial  384000  | Time 601.05 s  | Now training dmcgo
dmcgo          | cost 1.246817| c_reg 0.038800  | perf 0.46
Model saved in file: data/all/LeakyRNN/softplus/diag/1_tasks/128_n_rnn/lr6.0l2_w6.0_h6.0_sig_rec0.05_sig_x0.1_w_rec_coeff0.8_dmcgo/6/model.ckpt
Model saved in file: data/all/LeakyRNN/softplus/diag/1_tasks/128_n_rnn/lr6.0l2_w6.0_h6.0_sig_rec0.05_sig_x0.1_w_rec_coeff0.8_dmcgo/6/ckpts/model.ckpt-7000
Trial  448000  | Time 701.76 s  | Now training dmcgo
dmcgo          | cost 1.299608| c_reg 0.031937  | perf 0.47
Model saved in file: data/all/LeakyRNN/softplus/diag/1_tasks/128_n_rnn/lr6.0l2_w6.0_h6.0_sig_rec0.05_sig_x0.1_w_rec_coeff0.8_dmcgo/6/model.ckpt
Model saved in file: data/all/LeakyRNN/softplus/diag/1_tasks/128_n_rnn/lr6.0l2_w6.0_h6.0_sig_rec0.05_sig_x0.1_w_rec_coeff0.8_dmcgo/6/ckpts/model.ckpt-8000
Trial  512000  | Time 800.64 s  | Now training dmcgo
dmcgo          | cost 1.289067| c_reg 0.023597  | perf 0.49
Model saved in file: data/all/LeakyRNN/softplus/diag/1_tasks/128_n_rnn/lr6.0l2_w6.0_h6.0_sig_rec0.05_sig_x0.1_w_rec_coeff0.8_dmcgo/6/model.ckpt
Model saved in file: data/all/LeakyRNN/softplus/diag/1_tasks/128_n_rnn/lr6.0l2_w6.0_h6.0_sig_rec0.05_sig_x0.1_w_rec_coeff0.8_dmcgo/6/ckpts/model.ckpt-9000
Trial  576000  | Time 902.17 s  | Now training dmcgo
dmcgo          | cost 1.330487| c_reg 0.018782  | perf 0.48
Model saved in file: data/all/LeakyRNN/softplus/diag/1_tasks/128_n_rnn/lr6.0l2_w6.0_h6.0_sig_rec0.05_sig_x0.1_w_rec_coeff0.8_dmcgo/6/model.ckpt
Model saved in file: data/all/LeakyRNN/softplus/diag/1_tasks/128_n_rnn/lr6.0l2_w6.0_h6.0_sig_rec0.05_sig_x0.1_w_rec_coeff0.8_dmcgo/6/ckpts/model.ckpt-10000
Trial  640000  | Time 1002.56 s  | Now training dmcgo
dmcgo          | cost 0.683842| c_reg 0.049892  | perf 0.79
Model saved in file: data/all/LeakyRNN/softplus/diag/1_tasks/128_n_rnn/lr6.0l2_w6.0_h6.0_sig_rec0.05_sig_x0.1_w_rec_coeff0.8_dmcgo/6/model.ckpt
Model saved in file: data/all/LeakyRNN/softplus/diag/1_tasks/128_n_rnn/lr6.0l2_w6.0_h6.0_sig_rec0.05_sig_x0.1_w_rec_coeff0.8_dmcgo/6/ckpts/model.ckpt-11000
Trial  704000  | Time 1102.62 s  | Now training dmcgo
dmcgo          | cost 0.549198| c_reg 0.035493  | perf 0.88
Model saved in file: data/all/LeakyRNN/softplus/diag/1_tasks/128_n_rnn/lr6.0l2_w6.0_h6.0_sig_rec0.05_sig_x0.1_w_rec_coeff0.8_dmcgo/6/model.ckpt
Model saved in file: data/all/LeakyRNN/softplus/diag/1_tasks/128_n_rnn/lr6.0l2_w6.0_h6.0_sig_rec0.05_sig_x0.1_w_rec_coeff0.8_dmcgo/6/ckpts/model.ckpt-12000
Trial  768000  | Time 1202.42 s  | Now training dmcgo
dmcgo          | cost 0.525170| c_reg 0.032249  | perf 0.87
Model saved in file: data/all/LeakyRNN/softplus/diag/1_tasks/128_n_rnn/lr6.0l2_w6.0_h6.0_sig_rec0.05_sig_x0.1_w_rec_coeff0.8_dmcgo/6/model.ckpt
Model saved in file: data/all/LeakyRNN/softplus/diag/1_tasks/128_n_rnn/lr6.0l2_w6.0_h6.0_sig_rec0.05_sig_x0.1_w_rec_coeff0.8_dmcgo/6/ckpts/model.ckpt-13000
Trial  832000  | Time 1302.52 s  | Now training dmcgo
dmcgo          | cost 0.434263| c_reg 0.030480  | perf 0.91
Model saved in file: data/all/LeakyRNN/softplus/diag/1_tasks/128_n_rnn/lr6.0l2_w6.0_h6.0_sig_rec0.05_sig_x0.1_w_rec_coeff0.8_dmcgo/6/model.ckpt
Model saved in file: data/all/LeakyRNN/softplus/diag/1_tasks/128_n_rnn/lr6.0l2_w6.0_h6.0_sig_rec0.05_sig_x0.1_w_rec_coeff0.8_dmcgo/6/ckpts/model.ckpt-14000
Trial  896000  | Time 1402.38 s  | Now training dmcgo
dmcgo          | cost 0.432704| c_reg 0.027521  | perf 0.91
Model saved in file: data/all/LeakyRNN/softplus/diag/1_tasks/128_n_rnn/lr6.0l2_w6.0_h6.0_sig_rec0.05_sig_x0.1_w_rec_coeff0.8_dmcgo/6/model.ckpt
Model saved in file: data/all/LeakyRNN/softplus/diag/1_tasks/128_n_rnn/lr6.0l2_w6.0_h6.0_sig_rec0.05_sig_x0.1_w_rec_coeff0.8_dmcgo/6/ckpts/model.ckpt-15000
Trial  960000  | Time 1501.97 s  | Now training dmcgo
dmcgo          | cost 0.380853| c_reg 0.026565  | perf 0.93
Model saved in file: data/all/LeakyRNN/softplus/diag/1_tasks/128_n_rnn/lr6.0l2_w6.0_h6.0_sig_rec0.05_sig_x0.1_w_rec_coeff0.8_dmcgo/6/model.ckpt
Model saved in file: data/all/LeakyRNN/softplus/diag/1_tasks/128_n_rnn/lr6.0l2_w6.0_h6.0_sig_rec0.05_sig_x0.1_w_rec_coeff0.8_dmcgo/6/ckpts/model.ckpt-16000
Trial 1024000  | Time 1601.84 s  | Now training dmcgo
dmcgo          | cost 0.378785| c_reg 0.026453  | perf 0.93
Model saved in file: data/all/LeakyRNN/softplus/diag/1_tasks/128_n_rnn/lr6.0l2_w6.0_h6.0_sig_rec0.05_sig_x0.1_w_rec_coeff0.8_dmcgo/6/model.ckpt
Model saved in file: data/all/LeakyRNN/softplus/diag/1_tasks/128_n_rnn/lr6.0l2_w6.0_h6.0_sig_rec0.05_sig_x0.1_w_rec_coeff0.8_dmcgo/6/ckpts/model.ckpt-17000
Trial 1088000  | Time 1701.43 s  | Now training dmcgo
dmcgo          | cost 0.364610| c_reg 0.023580  | perf 0.93
Model saved in file: data/all/LeakyRNN/softplus/diag/1_tasks/128_n_rnn/lr6.0l2_w6.0_h6.0_sig_rec0.05_sig_x0.1_w_rec_coeff0.8_dmcgo/6/model.ckpt
Model saved in file: data/all/LeakyRNN/softplus/diag/1_tasks/128_n_rnn/lr6.0l2_w6.0_h6.0_sig_rec0.05_sig_x0.1_w_rec_coeff0.8_dmcgo/6/ckpts/model.ckpt-18000
Trial 1152000  | Time 1800.92 s  | Now training dmcgo
dmcgo          | cost 0.331962| c_reg 0.023189  | perf 0.94
Model saved in file: data/all/LeakyRNN/softplus/diag/1_tasks/128_n_rnn/lr6.0l2_w6.0_h6.0_sig_rec0.05_sig_x0.1_w_rec_coeff0.8_dmcgo/6/model.ckpt
Model saved in file: data/all/LeakyRNN/softplus/diag/1_tasks/128_n_rnn/lr6.0l2_w6.0_h6.0_sig_rec0.05_sig_x0.1_w_rec_coeff0.8_dmcgo/6/ckpts/model.ckpt-19000
Trial 1216000  | Time 1901.57 s  | Now training dmcgo
dmcgo          | cost 0.348610| c_reg 0.023520  | perf 0.94
Model saved in file: data/all/LeakyRNN/softplus/diag/1_tasks/128_n_rnn/lr6.0l2_w6.0_h6.0_sig_rec0.05_sig_x0.1_w_rec_coeff0.8_dmcgo/6/model.ckpt
Model saved in file: data/all/LeakyRNN/softplus/diag/1_tasks/128_n_rnn/lr6.0l2_w6.0_h6.0_sig_rec0.05_sig_x0.1_w_rec_coeff0.8_dmcgo/6/ckpts/model.ckpt-20000
Trial 1280000  | Time 2002.45 s  | Now training dmcgo
dmcgo          | cost 0.311368| c_reg 0.021141  | perf 0.94
Model saved in file: data/all/LeakyRNN/softplus/diag/1_tasks/128_n_rnn/lr6.0l2_w6.0_h6.0_sig_rec0.05_sig_x0.1_w_rec_coeff0.8_dmcgo/6/model.ckpt
Model saved in file: data/all/LeakyRNN/softplus/diag/1_tasks/128_n_rnn/lr6.0l2_w6.0_h6.0_sig_rec0.05_sig_x0.1_w_rec_coeff0.8_dmcgo/6/ckpts/model.ckpt-21000
Trial 1344000  | Time 2101.80 s  | Now training dmcgo
dmcgo          | cost 0.297828| c_reg 0.022024  | perf 0.95
Model saved in file: data/all/LeakyRNN/softplus/diag/1_tasks/128_n_rnn/lr6.0l2_w6.0_h6.0_sig_rec0.05_sig_x0.1_w_rec_coeff0.8_dmcgo/6/model.ckpt
Model saved in file: data/all/LeakyRNN/softplus/diag/1_tasks/128_n_rnn/lr6.0l2_w6.0_h6.0_sig_rec0.05_sig_x0.1_w_rec_coeff0.8_dmcgo/6/ckpts/model.ckpt-22000
Trial 1408000  | Time 2202.81 s  | Now training dmcgo
dmcgo          | cost 0.277001| c_reg 0.019968  | perf 0.95
Model saved in file: data/all/LeakyRNN/softplus/diag/1_tasks/128_n_rnn/lr6.0l2_w6.0_h6.0_sig_rec0.05_sig_x0.1_w_rec_coeff0.8_dmcgo/6/model.ckpt
Model saved in file: data/all/LeakyRNN/softplus/diag/1_tasks/128_n_rnn/lr6.0l2_w6.0_h6.0_sig_rec0.05_sig_x0.1_w_rec_coeff0.8_dmcgo/6/ckpts/model.ckpt-23000
Trial 1472000  | Time 2304.06 s  | Now training dmcgo
dmcgo          | cost 0.288807| c_reg 0.019500  | perf 0.95
Model saved in file: data/all/LeakyRNN/softplus/diag/1_tasks/128_n_rnn/lr6.0l2_w6.0_h6.0_sig_rec0.05_sig_x0.1_w_rec_coeff0.8_dmcgo/6/model.ckpt
Model saved in file: data/all/LeakyRNN/softplus/diag/1_tasks/128_n_rnn/lr6.0l2_w6.0_h6.0_sig_rec0.05_sig_x0.1_w_rec_coeff0.8_dmcgo/6/ckpts/model.ckpt-24000
Trial 1536000  | Time 2403.16 s  | Now training dmcgo
dmcgo          | cost 0.270318| c_reg 0.020169  | perf 0.95
Model saved in file: data/all/LeakyRNN/softplus/diag/1_tasks/128_n_rnn/lr6.0l2_w6.0_h6.0_sig_rec0.05_sig_x0.1_w_rec_coeff0.8_dmcgo/6/model.ckpt
Model saved in file: data/all/LeakyRNN/softplus/diag/1_tasks/128_n_rnn/lr6.0l2_w6.0_h6.0_sig_rec0.05_sig_x0.1_w_rec_coeff0.8_dmcgo/6/ckpts/model.ckpt-25000
Trial 1600000  | Time 2503.15 s  | Now training dmcgo
dmcgo          | cost 0.267953| c_reg 0.019902  | perf 0.95
Model saved in file: data/all/LeakyRNN/softplus/diag/1_tasks/128_n_rnn/lr6.0l2_w6.0_h6.0_sig_rec0.05_sig_x0.1_w_rec_coeff0.8_dmcgo/6/model.ckpt
Model saved in file: data/all/LeakyRNN/softplus/diag/1_tasks/128_n_rnn/lr6.0l2_w6.0_h6.0_sig_rec0.05_sig_x0.1_w_rec_coeff0.8_dmcgo/6/ckpts/model.ckpt-26000
Trial 1664000  | Time 2602.09 s  | Now training dmcgo
dmcgo          | cost 0.260925| c_reg 0.019035  | perf 0.95
Model saved in file: data/all/LeakyRNN/softplus/diag/1_tasks/128_n_rnn/lr6.0l2_w6.0_h6.0_sig_rec0.05_sig_x0.1_w_rec_coeff0.8_dmcgo/6/model.ckpt
Model saved in file: data/all/LeakyRNN/softplus/diag/1_tasks/128_n_rnn/lr6.0l2_w6.0_h6.0_sig_rec0.05_sig_x0.1_w_rec_coeff0.8_dmcgo/6/ckpts/model.ckpt-27000
Trial 1728000  | Time 2702.20 s  | Now training dmcgo
dmcgo          | cost 0.242441| c_reg 0.018794  | perf 0.96
Model saved in file: data/all/LeakyRNN/softplus/diag/1_tasks/128_n_rnn/lr6.0l2_w6.0_h6.0_sig_rec0.05_sig_x0.1_w_rec_coeff0.8_dmcgo/6/model.ckpt
Model saved in file: data/all/LeakyRNN/softplus/diag/1_tasks/128_n_rnn/lr6.0l2_w6.0_h6.0_sig_rec0.05_sig_x0.1_w_rec_coeff0.8_dmcgo/6/ckpts/model.ckpt-28000
Trial 1792000  | Time 2803.00 s  | Now training dmcgo
dmcgo          | cost 0.238125| c_reg 0.018671  | perf 0.95
Model saved in file: data/all/LeakyRNN/softplus/diag/1_tasks/128_n_rnn/lr6.0l2_w6.0_h6.0_sig_rec0.05_sig_x0.1_w_rec_coeff0.8_dmcgo/6/model.ckpt
Model saved in file: data/all/LeakyRNN/softplus/diag/1_tasks/128_n_rnn/lr6.0l2_w6.0_h6.0_sig_rec0.05_sig_x0.1_w_rec_coeff0.8_dmcgo/6/ckpts/model.ckpt-29000
Trial 1856000  | Time 2902.94 s  | Now training dmcgo
dmcgo          | cost 0.238504| c_reg 0.019042  | perf 0.95
Model saved in file: data/all/LeakyRNN/softplus/diag/1_tasks/128_n_rnn/lr6.0l2_w6.0_h6.0_sig_rec0.05_sig_x0.1_w_rec_coeff0.8_dmcgo/6/model.ckpt
Model saved in file: data/all/LeakyRNN/softplus/diag/1_tasks/128_n_rnn/lr6.0l2_w6.0_h6.0_sig_rec0.05_sig_x0.1_w_rec_coeff0.8_dmcgo/6/ckpts/model.ckpt-30000
Trial 1920000  | Time 3002.07 s  | Now training dmcgo
dmcgo          | cost 0.243223| c_reg 0.017572  | perf 0.96
Model saved in file: data/all/LeakyRNN/softplus/diag/1_tasks/128_n_rnn/lr6.0l2_w6.0_h6.0_sig_rec0.05_sig_x0.1_w_rec_coeff0.8_dmcgo/6/model.ckpt
Model saved in file: data/all/LeakyRNN/softplus/diag/1_tasks/128_n_rnn/lr6.0l2_w6.0_h6.0_sig_rec0.05_sig_x0.1_w_rec_coeff0.8_dmcgo/6/ckpts/model.ckpt-31000
Trial 1984000  | Time 3102.36 s  | Now training dmcgo
dmcgo          | cost 0.226812| c_reg 0.018032  | perf 0.96
Model saved in file: data/all/LeakyRNN/softplus/diag/1_tasks/128_n_rnn/lr6.0l2_w6.0_h6.0_sig_rec0.05_sig_x0.1_w_rec_coeff0.8_dmcgo/6/model.ckpt
Model saved in file: data/all/LeakyRNN/softplus/diag/1_tasks/128_n_rnn/lr6.0l2_w6.0_h6.0_sig_rec0.05_sig_x0.1_w_rec_coeff0.8_dmcgo/6/ckpts/model.ckpt-32000
Trial 2048000  | Time 3203.55 s  | Now training dmcgo
dmcgo          | cost 0.228429| c_reg 0.017478  | perf 0.96
Model saved in file: data/all/LeakyRNN/softplus/diag/1_tasks/128_n_rnn/lr6.0l2_w6.0_h6.0_sig_rec0.05_sig_x0.1_w_rec_coeff0.8_dmcgo/6/model.ckpt
Model saved in file: data/all/LeakyRNN/softplus/diag/1_tasks/128_n_rnn/lr6.0l2_w6.0_h6.0_sig_rec0.05_sig_x0.1_w_rec_coeff0.8_dmcgo/6/ckpts/model.ckpt-33000
Trial 2112000  | Time 3304.31 s  | Now training dmcgo
dmcgo          | cost 0.240153| c_reg 0.017303  | perf 0.96
Model saved in file: data/all/LeakyRNN/softplus/diag/1_tasks/128_n_rnn/lr6.0l2_w6.0_h6.0_sig_rec0.05_sig_x0.1_w_rec_coeff0.8_dmcgo/6/model.ckpt
Model saved in file: data/all/LeakyRNN/softplus/diag/1_tasks/128_n_rnn/lr6.0l2_w6.0_h6.0_sig_rec0.05_sig_x0.1_w_rec_coeff0.8_dmcgo/6/ckpts/model.ckpt-34000
Trial 2176000  | Time 3404.13 s  | Now training dmcgo
dmcgo          | cost 0.235898| c_reg 0.017176  | perf 0.96
Model saved in file: data/all/LeakyRNN/softplus/diag/1_tasks/128_n_rnn/lr6.0l2_w6.0_h6.0_sig_rec0.05_sig_x0.1_w_rec_coeff0.8_dmcgo/6/model.ckpt
Model saved in file: data/all/LeakyRNN/softplus/diag/1_tasks/128_n_rnn/lr6.0l2_w6.0_h6.0_sig_rec0.05_sig_x0.1_w_rec_coeff0.8_dmcgo/6/ckpts/model.ckpt-35000
Trial 2240000  | Time 3503.57 s  | Now training dmcgo
dmcgo          | cost 0.230880| c_reg 0.017086  | perf 0.95
Model saved in file: data/all/LeakyRNN/softplus/diag/1_tasks/128_n_rnn/lr6.0l2_w6.0_h6.0_sig_rec0.05_sig_x0.1_w_rec_coeff0.8_dmcgo/6/model.ckpt
Model saved in file: data/all/LeakyRNN/softplus/diag/1_tasks/128_n_rnn/lr6.0l2_w6.0_h6.0_sig_rec0.05_sig_x0.1_w_rec_coeff0.8_dmcgo/6/ckpts/model.ckpt-36000
Trial 2304000  | Time 3603.69 s  | Now training dmcgo
dmcgo          | cost 0.217879| c_reg 0.016077  | perf 0.96
Model saved in file: data/all/LeakyRNN/softplus/diag/1_tasks/128_n_rnn/lr6.0l2_w6.0_h6.0_sig_rec0.05_sig_x0.1_w_rec_coeff0.8_dmcgo/6/model.ckpt
Model saved in file: data/all/LeakyRNN/softplus/diag/1_tasks/128_n_rnn/lr6.0l2_w6.0_h6.0_sig_rec0.05_sig_x0.1_w_rec_coeff0.8_dmcgo/6/ckpts/model.ckpt-37000
Trial 2368000  | Time 3703.47 s  | Now training dmcgo
dmcgo          | cost 0.228542| c_reg 0.016401  | perf 0.96
Model saved in file: data/all/LeakyRNN/softplus/diag/1_tasks/128_n_rnn/lr6.0l2_w6.0_h6.0_sig_rec0.05_sig_x0.1_w_rec_coeff0.8_dmcgo/6/model.ckpt
Model saved in file: data/all/LeakyRNN/softplus/diag/1_tasks/128_n_rnn/lr6.0l2_w6.0_h6.0_sig_rec0.05_sig_x0.1_w_rec_coeff0.8_dmcgo/6/ckpts/model.ckpt-38000
Trial 2432000  | Time 3803.66 s  | Now training dmcgo
dmcgo          | cost 0.217427| c_reg 0.016052  | perf 0.96
Model saved in file: data/all/LeakyRNN/softplus/diag/1_tasks/128_n_rnn/lr6.0l2_w6.0_h6.0_sig_rec0.05_sig_x0.1_w_rec_coeff0.8_dmcgo/6/model.ckpt
Model saved in file: data/all/LeakyRNN/softplus/diag/1_tasks/128_n_rnn/lr6.0l2_w6.0_h6.0_sig_rec0.05_sig_x0.1_w_rec_coeff0.8_dmcgo/6/ckpts/model.ckpt-39000
Trial 2496000  | Time 3904.93 s  | Now training dmcgo
dmcgo          | cost 0.210806| c_reg 0.014933  | perf 0.96
Model saved in file: data/all/LeakyRNN/softplus/diag/1_tasks/128_n_rnn/lr6.0l2_w6.0_h6.0_sig_rec0.05_sig_x0.1_w_rec_coeff0.8_dmcgo/6/model.ckpt
Model saved in file: data/all/LeakyRNN/softplus/diag/1_tasks/128_n_rnn/lr6.0l2_w6.0_h6.0_sig_rec0.05_sig_x0.1_w_rec_coeff0.8_dmcgo/6/ckpts/model.ckpt-40000
Trial 2560000  | Time 4004.51 s  | Now training dmcgo
dmcgo          | cost 0.202006| c_reg 0.014545  | perf 0.96
Model saved in file: data/all/LeakyRNN/softplus/diag/1_tasks/128_n_rnn/lr6.0l2_w6.0_h6.0_sig_rec0.05_sig_x0.1_w_rec_coeff0.8_dmcgo/6/model.ckpt
Model saved in file: data/all/LeakyRNN/softplus/diag/1_tasks/128_n_rnn/lr6.0l2_w6.0_h6.0_sig_rec0.05_sig_x0.1_w_rec_coeff0.8_dmcgo/6/ckpts/model.ckpt-41000
Trial 2624000  | Time 4104.68 s  | Now training dmcgo
dmcgo          | cost 0.204963| c_reg 0.014804  | perf 0.96
Model saved in file: data/all/LeakyRNN/softplus/diag/1_tasks/128_n_rnn/lr6.0l2_w6.0_h6.0_sig_rec0.05_sig_x0.1_w_rec_coeff0.8_dmcgo/6/model.ckpt
Model saved in file: data/all/LeakyRNN/softplus/diag/1_tasks/128_n_rnn/lr6.0l2_w6.0_h6.0_sig_rec0.05_sig_x0.1_w_rec_coeff0.8_dmcgo/6/ckpts/model.ckpt-42000
Trial 2688000  | Time 4204.58 s  | Now training dmcgo
dmcgo          | cost 0.202211| c_reg 0.014855  | perf 0.96
Model saved in file: data/all/LeakyRNN/softplus/diag/1_tasks/128_n_rnn/lr6.0l2_w6.0_h6.0_sig_rec0.05_sig_x0.1_w_rec_coeff0.8_dmcgo/6/model.ckpt
Model saved in file: data/all/LeakyRNN/softplus/diag/1_tasks/128_n_rnn/lr6.0l2_w6.0_h6.0_sig_rec0.05_sig_x0.1_w_rec_coeff0.8_dmcgo/6/ckpts/model.ckpt-43000
Trial 2752000  | Time 4305.74 s  | Now training dmcgo
dmcgo          | cost 0.189761| c_reg 0.014159  | perf 0.96
Model saved in file: data/all/LeakyRNN/softplus/diag/1_tasks/128_n_rnn/lr6.0l2_w6.0_h6.0_sig_rec0.05_sig_x0.1_w_rec_coeff0.8_dmcgo/6/model.ckpt
Model saved in file: data/all/LeakyRNN/softplus/diag/1_tasks/128_n_rnn/lr6.0l2_w6.0_h6.0_sig_rec0.05_sig_x0.1_w_rec_coeff0.8_dmcgo/6/ckpts/model.ckpt-44000
Trial 2816000  | Time 4405.62 s  | Now training dmcgo
dmcgo          | cost 0.188243| c_reg 0.013807  | perf 0.96
Model saved in file: data/all/LeakyRNN/softplus/diag/1_tasks/128_n_rnn/lr6.0l2_w6.0_h6.0_sig_rec0.05_sig_x0.1_w_rec_coeff0.8_dmcgo/6/model.ckpt
Model saved in file: data/all/LeakyRNN/softplus/diag/1_tasks/128_n_rnn/lr6.0l2_w6.0_h6.0_sig_rec0.05_sig_x0.1_w_rec_coeff0.8_dmcgo/6/ckpts/model.ckpt-45000
Trial 2880000  | Time 4506.23 s  | Now training dmcgo
dmcgo          | cost 0.201886| c_reg 0.013279  | perf 0.96
Model saved in file: data/all/LeakyRNN/softplus/diag/1_tasks/128_n_rnn/lr6.0l2_w6.0_h6.0_sig_rec0.05_sig_x0.1_w_rec_coeff0.8_dmcgo/6/model.ckpt
Model saved in file: data/all/LeakyRNN/softplus/diag/1_tasks/128_n_rnn/lr6.0l2_w6.0_h6.0_sig_rec0.05_sig_x0.1_w_rec_coeff0.8_dmcgo/6/ckpts/model.ckpt-46000
Trial 2944000  | Time 4605.76 s  | Now training dmcgo
dmcgo          | cost 0.190034| c_reg 0.012993  | perf 0.96
Model saved in file: data/all/LeakyRNN/softplus/diag/1_tasks/128_n_rnn/lr6.0l2_w6.0_h6.0_sig_rec0.05_sig_x0.1_w_rec_coeff0.8_dmcgo/6/model.ckpt
Model saved in file: data/all/LeakyRNN/softplus/diag/1_tasks/128_n_rnn/lr6.0l2_w6.0_h6.0_sig_rec0.05_sig_x0.1_w_rec_coeff0.8_dmcgo/6/ckpts/model.ckpt-47000
Trial 3008000  | Time 4706.25 s  | Now training dmcgo
dmcgo          | cost 0.188666| c_reg 0.012809  | perf 0.96
Model saved in file: data/all/LeakyRNN/softplus/diag/1_tasks/128_n_rnn/lr6.0l2_w6.0_h6.0_sig_rec0.05_sig_x0.1_w_rec_coeff0.8_dmcgo/6/model.ckpt
Model saved in file: data/all/LeakyRNN/softplus/diag/1_tasks/128_n_rnn/lr6.0l2_w6.0_h6.0_sig_rec0.05_sig_x0.1_w_rec_coeff0.8_dmcgo/6/ckpts/model.ckpt-48000
Trial 3072000  | Time 4807.16 s  | Now training dmcgo
dmcgo          | cost 0.190566| c_reg 0.012589  | perf 0.96
/home/users/lndrisco/code/multitask-nets/stepnet/task.py:144: RuntimeWarning: overflow encountered in multiply
  self.stim_strength = 100*np.empty((len(locs),4))
Model saved in file: data/all/LeakyRNN/softplus/diag/1_tasks/128_n_rnn/lr6.0l2_w6.0_h6.0_sig_rec0.05_sig_x0.1_w_rec_coeff0.8_dmcgo/6/model.ckpt
Model saved in file: data/all/LeakyRNN/softplus/diag/1_tasks/128_n_rnn/lr6.0l2_w6.0_h6.0_sig_rec0.05_sig_x0.1_w_rec_coeff0.8_dmcgo/6/ckpts/model.ckpt-49000
Trial 3136000  | Time 4905.98 s  | Now training dmcgo
dmcgo          | cost 0.183555| c_reg 0.012743  | perf 0.96
Model saved in file: data/all/LeakyRNN/softplus/diag/1_tasks/128_n_rnn/lr6.0l2_w6.0_h6.0_sig_rec0.05_sig_x0.1_w_rec_coeff0.8_dmcgo/6/model.ckpt
Model saved in file: data/all/LeakyRNN/softplus/diag/1_tasks/128_n_rnn/lr6.0l2_w6.0_h6.0_sig_rec0.05_sig_x0.1_w_rec_coeff0.8_dmcgo/6/ckpts/model.ckpt-50000
Trial 3200000  | Time 5006.03 s  | Now training dmcgo
dmcgo          | cost 0.178995| c_reg 0.012621  | perf 0.96
Model saved in file: data/all/LeakyRNN/softplus/diag/1_tasks/128_n_rnn/lr6.0l2_w6.0_h6.0_sig_rec0.05_sig_x0.1_w_rec_coeff0.8_dmcgo/6/model.ckpt
Model saved in file: data/all/LeakyRNN/softplus/diag/1_tasks/128_n_rnn/lr6.0l2_w6.0_h6.0_sig_rec0.05_sig_x0.1_w_rec_coeff0.8_dmcgo/6/ckpts/model.ckpt-51000
Trial 3264000  | Time 5105.33 s  | Now training dmcgo
dmcgo          | cost 0.184012| c_reg 0.011949  | perf 0.96
Model saved in file: data/all/LeakyRNN/softplus/diag/1_tasks/128_n_rnn/lr6.0l2_w6.0_h6.0_sig_rec0.05_sig_x0.1_w_rec_coeff0.8_dmcgo/6/model.ckpt
Model saved in file: data/all/LeakyRNN/softplus/diag/1_tasks/128_n_rnn/lr6.0l2_w6.0_h6.0_sig_rec0.05_sig_x0.1_w_rec_coeff0.8_dmcgo/6/ckpts/model.ckpt-52000
Trial 3328000  | Time 5205.24 s  | Now training dmcgo
dmcgo          | cost 0.172800| c_reg 0.012196  | perf 0.97
Model saved in file: data/all/LeakyRNN/softplus/diag/1_tasks/128_n_rnn/lr6.0l2_w6.0_h6.0_sig_rec0.05_sig_x0.1_w_rec_coeff0.8_dmcgo/6/model.ckpt
Model saved in file: data/all/LeakyRNN/softplus/diag/1_tasks/128_n_rnn/lr6.0l2_w6.0_h6.0_sig_rec0.05_sig_x0.1_w_rec_coeff0.8_dmcgo/6/ckpts/model.ckpt-53000
Trial 3392000  | Time 5305.25 s  | Now training dmcgo
dmcgo          | cost 0.178302| c_reg 0.012133  | perf 0.96
Model saved in file: data/all/LeakyRNN/softplus/diag/1_tasks/128_n_rnn/lr6.0l2_w6.0_h6.0_sig_rec0.05_sig_x0.1_w_rec_coeff0.8_dmcgo/6/model.ckpt
Model saved in file: data/all/LeakyRNN/softplus/diag/1_tasks/128_n_rnn/lr6.0l2_w6.0_h6.0_sig_rec0.05_sig_x0.1_w_rec_coeff0.8_dmcgo/6/ckpts/model.ckpt-54000
Trial 3456000  | Time 5404.29 s  | Now training dmcgo
dmcgo          | cost 0.193351| c_reg 0.011539  | perf 0.96
Model saved in file: data/all/LeakyRNN/softplus/diag/1_tasks/128_n_rnn/lr6.0l2_w6.0_h6.0_sig_rec0.05_sig_x0.1_w_rec_coeff0.8_dmcgo/6/model.ckpt
Model saved in file: data/all/LeakyRNN/softplus/diag/1_tasks/128_n_rnn/lr6.0l2_w6.0_h6.0_sig_rec0.05_sig_x0.1_w_rec_coeff0.8_dmcgo/6/ckpts/model.ckpt-55000
Trial 3520000  | Time 5505.00 s  | Now training dmcgo
dmcgo          | cost 0.162230| c_reg 0.011781  | perf 0.97
Model saved in file: data/all/LeakyRNN/softplus/diag/1_tasks/128_n_rnn/lr6.0l2_w6.0_h6.0_sig_rec0.05_sig_x0.1_w_rec_coeff0.8_dmcgo/6/model.ckpt
Model saved in file: data/all/LeakyRNN/softplus/diag/1_tasks/128_n_rnn/lr6.0l2_w6.0_h6.0_sig_rec0.05_sig_x0.1_w_rec_coeff0.8_dmcgo/6/ckpts/model.ckpt-56000
Trial 3584000  | Time 5604.96 s  | Now training dmcgo
dmcgo          | cost 0.174343| c_reg 0.011389  | perf 0.96
Model saved in file: data/all/LeakyRNN/softplus/diag/1_tasks/128_n_rnn/lr6.0l2_w6.0_h6.0_sig_rec0.05_sig_x0.1_w_rec_coeff0.8_dmcgo/6/model.ckpt
Model saved in file: data/all/LeakyRNN/softplus/diag/1_tasks/128_n_rnn/lr6.0l2_w6.0_h6.0_sig_rec0.05_sig_x0.1_w_rec_coeff0.8_dmcgo/6/ckpts/model.ckpt-57000
Trial 3648000  | Time 5704.71 s  | Now training dmcgo
dmcgo          | cost 0.174204| c_reg 0.011493  | perf 0.96
Model saved in file: data/all/LeakyRNN/softplus/diag/1_tasks/128_n_rnn/lr6.0l2_w6.0_h6.0_sig_rec0.05_sig_x0.1_w_rec_coeff0.8_dmcgo/6/model.ckpt
Model saved in file: data/all/LeakyRNN/softplus/diag/1_tasks/128_n_rnn/lr6.0l2_w6.0_h6.0_sig_rec0.05_sig_x0.1_w_rec_coeff0.8_dmcgo/6/ckpts/model.ckpt-58000
Trial 3712000  | Time 5804.56 s  | Now training dmcgo
dmcgo          | cost 0.165375| c_reg 0.011156  | perf 0.96
Model saved in file: data/all/LeakyRNN/softplus/diag/1_tasks/128_n_rnn/lr6.0l2_w6.0_h6.0_sig_rec0.05_sig_x0.1_w_rec_coeff0.8_dmcgo/6/model.ckpt
Model saved in file: data/all/LeakyRNN/softplus/diag/1_tasks/128_n_rnn/lr6.0l2_w6.0_h6.0_sig_rec0.05_sig_x0.1_w_rec_coeff0.8_dmcgo/6/ckpts/model.ckpt-59000
Trial 3776000  | Time 5904.83 s  | Now training dmcgo
dmcgo          | cost 0.162132| c_reg 0.011440  | perf 0.96
Model saved in file: data/all/LeakyRNN/softplus/diag/1_tasks/128_n_rnn/lr6.0l2_w6.0_h6.0_sig_rec0.05_sig_x0.1_w_rec_coeff0.8_dmcgo/6/model.ckpt
Model saved in file: data/all/LeakyRNN/softplus/diag/1_tasks/128_n_rnn/lr6.0l2_w6.0_h6.0_sig_rec0.05_sig_x0.1_w_rec_coeff0.8_dmcgo/6/ckpts/model.ckpt-60000
Trial 3840000  | Time 6005.20 s  | Now training dmcgo
dmcgo          | cost 0.172913| c_reg 0.011489  | perf 0.96
Model saved in file: data/all/LeakyRNN/softplus/diag/1_tasks/128_n_rnn/lr6.0l2_w6.0_h6.0_sig_rec0.05_sig_x0.1_w_rec_coeff0.8_dmcgo/6/model.ckpt
Model saved in file: data/all/LeakyRNN/softplus/diag/1_tasks/128_n_rnn/lr6.0l2_w6.0_h6.0_sig_rec0.05_sig_x0.1_w_rec_coeff0.8_dmcgo/6/ckpts/model.ckpt-61000
Trial 3904000  | Time 6105.16 s  | Now training dmcgo
dmcgo          | cost 0.175753| c_reg 0.010604  | perf 0.96
Model saved in file: data/all/LeakyRNN/softplus/diag/1_tasks/128_n_rnn/lr6.0l2_w6.0_h6.0_sig_rec0.05_sig_x0.1_w_rec_coeff0.8_dmcgo/6/model.ckpt
Model saved in file: data/all/LeakyRNN/softplus/diag/1_tasks/128_n_rnn/lr6.0l2_w6.0_h6.0_sig_rec0.05_sig_x0.1_w_rec_coeff0.8_dmcgo/6/ckpts/model.ckpt-62000
Trial 3968000  | Time 6206.12 s  | Now training dmcgo
dmcgo          | cost 0.161619| c_reg 0.010960  | perf 0.96
Model saved in file: data/all/LeakyRNN/softplus/diag/1_tasks/128_n_rnn/lr6.0l2_w6.0_h6.0_sig_rec0.05_sig_x0.1_w_rec_coeff0.8_dmcgo/6/model.ckpt
Model saved in file: data/all/LeakyRNN/softplus/diag/1_tasks/128_n_rnn/lr6.0l2_w6.0_h6.0_sig_rec0.05_sig_x0.1_w_rec_coeff0.8_dmcgo/6/ckpts/model.ckpt-63000
Trial 4032000  | Time 6306.90 s  | Now training dmcgo
dmcgo          | cost 0.178830| c_reg 0.010534  | perf 0.96
Model saved in file: data/all/LeakyRNN/softplus/diag/1_tasks/128_n_rnn/lr6.0l2_w6.0_h6.0_sig_rec0.05_sig_x0.1_w_rec_coeff0.8_dmcgo/6/model.ckpt
Model saved in file: data/all/LeakyRNN/softplus/diag/1_tasks/128_n_rnn/lr6.0l2_w6.0_h6.0_sig_rec0.05_sig_x0.1_w_rec_coeff0.8_dmcgo/6/ckpts/model.ckpt-64000
Trial 4096000  | Time 6407.59 s  | Now training dmcgo
dmcgo          | cost 0.170754| c_reg 0.010877  | perf 0.96
Model saved in file: data/all/LeakyRNN/softplus/diag/1_tasks/128_n_rnn/lr6.0l2_w6.0_h6.0_sig_rec0.05_sig_x0.1_w_rec_coeff0.8_dmcgo/6/model.ckpt
Model saved in file: data/all/LeakyRNN/softplus/diag/1_tasks/128_n_rnn/lr6.0l2_w6.0_h6.0_sig_rec0.05_sig_x0.1_w_rec_coeff0.8_dmcgo/6/ckpts/model.ckpt-65000
Trial 4160000  | Time 6507.38 s  | Now training dmcgo
dmcgo          | cost 0.155646| c_reg 0.010872  | perf 0.97
Model saved in file: data/all/LeakyRNN/softplus/diag/1_tasks/128_n_rnn/lr6.0l2_w6.0_h6.0_sig_rec0.05_sig_x0.1_w_rec_coeff0.8_dmcgo/6/model.ckpt
Model saved in file: data/all/LeakyRNN/softplus/diag/1_tasks/128_n_rnn/lr6.0l2_w6.0_h6.0_sig_rec0.05_sig_x0.1_w_rec_coeff0.8_dmcgo/6/ckpts/model.ckpt-66000
Trial 4224000  | Time 6607.72 s  | Now training dmcgo
dmcgo          | cost 0.164443| c_reg 0.010588  | perf 0.96
Model saved in file: data/all/LeakyRNN/softplus/diag/1_tasks/128_n_rnn/lr6.0l2_w6.0_h6.0_sig_rec0.05_sig_x0.1_w_rec_coeff0.8_dmcgo/6/model.ckpt
Model saved in file: data/all/LeakyRNN/softplus/diag/1_tasks/128_n_rnn/lr6.0l2_w6.0_h6.0_sig_rec0.05_sig_x0.1_w_rec_coeff0.8_dmcgo/6/ckpts/model.ckpt-67000
Trial 4288000  | Time 6708.08 s  | Now training dmcgo
dmcgo          | cost 0.159484| c_reg 0.010601  | perf 0.96
Model saved in file: data/all/LeakyRNN/softplus/diag/1_tasks/128_n_rnn/lr6.0l2_w6.0_h6.0_sig_rec0.05_sig_x0.1_w_rec_coeff0.8_dmcgo/6/model.ckpt
Model saved in file: data/all/LeakyRNN/softplus/diag/1_tasks/128_n_rnn/lr6.0l2_w6.0_h6.0_sig_rec0.05_sig_x0.1_w_rec_coeff0.8_dmcgo/6/ckpts/model.ckpt-68000
Trial 4352000  | Time 6808.13 s  | Now training dmcgo
dmcgo          | cost 0.161973| c_reg 0.010395  | perf 0.96
Model saved in file: data/all/LeakyRNN/softplus/diag/1_tasks/128_n_rnn/lr6.0l2_w6.0_h6.0_sig_rec0.05_sig_x0.1_w_rec_coeff0.8_dmcgo/6/model.ckpt
Model saved in file: data/all/LeakyRNN/softplus/diag/1_tasks/128_n_rnn/lr6.0l2_w6.0_h6.0_sig_rec0.05_sig_x0.1_w_rec_coeff0.8_dmcgo/6/ckpts/model.ckpt-69000
Trial 4416000  | Time 6908.20 s  | Now training dmcgo
dmcgo          | cost 0.160399| c_reg 0.010604  | perf 0.96
Model saved in file: data/all/LeakyRNN/softplus/diag/1_tasks/128_n_rnn/lr6.0l2_w6.0_h6.0_sig_rec0.05_sig_x0.1_w_rec_coeff0.8_dmcgo/6/model.ckpt
Model saved in file: data/all/LeakyRNN/softplus/diag/1_tasks/128_n_rnn/lr6.0l2_w6.0_h6.0_sig_rec0.05_sig_x0.1_w_rec_coeff0.8_dmcgo/6/ckpts/model.ckpt-70000
Trial 4480000  | Time 7009.02 s  | Now training dmcgo
dmcgo          | cost 0.161161| c_reg 0.010352  | perf 0.97
Model saved in file: data/all/LeakyRNN/softplus/diag/1_tasks/128_n_rnn/lr6.0l2_w6.0_h6.0_sig_rec0.05_sig_x0.1_w_rec_coeff0.8_dmcgo/6/model.ckpt
Model saved in file: data/all/LeakyRNN/softplus/diag/1_tasks/128_n_rnn/lr6.0l2_w6.0_h6.0_sig_rec0.05_sig_x0.1_w_rec_coeff0.8_dmcgo/6/ckpts/model.ckpt-71000
Trial 4544000  | Time 7108.60 s  | Now training dmcgo
dmcgo          | cost 0.162915| c_reg 0.010188  | perf 0.96
Model saved in file: data/all/LeakyRNN/softplus/diag/1_tasks/128_n_rnn/lr6.0l2_w6.0_h6.0_sig_rec0.05_sig_x0.1_w_rec_coeff0.8_dmcgo/6/model.ckpt
Model saved in file: data/all/LeakyRNN/softplus/diag/1_tasks/128_n_rnn/lr6.0l2_w6.0_h6.0_sig_rec0.05_sig_x0.1_w_rec_coeff0.8_dmcgo/6/ckpts/model.ckpt-72000
Trial 4608000  | Time 7208.03 s  | Now training dmcgo
dmcgo          | cost 0.152980| c_reg 0.010148  | perf 0.97
Model saved in file: data/all/LeakyRNN/softplus/diag/1_tasks/128_n_rnn/lr6.0l2_w6.0_h6.0_sig_rec0.05_sig_x0.1_w_rec_coeff0.8_dmcgo/6/model.ckpt
Model saved in file: data/all/LeakyRNN/softplus/diag/1_tasks/128_n_rnn/lr6.0l2_w6.0_h6.0_sig_rec0.05_sig_x0.1_w_rec_coeff0.8_dmcgo/6/ckpts/model.ckpt-73000
Trial 4672000  | Time 7309.13 s  | Now training dmcgo
dmcgo          | cost 0.159468| c_reg 0.010201  | perf 0.96
Model saved in file: data/all/LeakyRNN/softplus/diag/1_tasks/128_n_rnn/lr6.0l2_w6.0_h6.0_sig_rec0.05_sig_x0.1_w_rec_coeff0.8_dmcgo/6/model.ckpt
Model saved in file: data/all/LeakyRNN/softplus/diag/1_tasks/128_n_rnn/lr6.0l2_w6.0_h6.0_sig_rec0.05_sig_x0.1_w_rec_coeff0.8_dmcgo/6/ckpts/model.ckpt-74000
Trial 4736000  | Time 7408.61 s  | Now training dmcgo
dmcgo          | cost 0.155025| c_reg 0.010375  | perf 0.97
Model saved in file: data/all/LeakyRNN/softplus/diag/1_tasks/128_n_rnn/lr6.0l2_w6.0_h6.0_sig_rec0.05_sig_x0.1_w_rec_coeff0.8_dmcgo/6/model.ckpt
Model saved in file: data/all/LeakyRNN/softplus/diag/1_tasks/128_n_rnn/lr6.0l2_w6.0_h6.0_sig_rec0.05_sig_x0.1_w_rec_coeff0.8_dmcgo/6/ckpts/model.ckpt-75000
Trial 4800000  | Time 7508.51 s  | Now training dmcgo
dmcgo          | cost 0.165517| c_reg 0.009957  | perf 0.96
Model saved in file: data/all/LeakyRNN/softplus/diag/1_tasks/128_n_rnn/lr6.0l2_w6.0_h6.0_sig_rec0.05_sig_x0.1_w_rec_coeff0.8_dmcgo/6/model.ckpt
Model saved in file: data/all/LeakyRNN/softplus/diag/1_tasks/128_n_rnn/lr6.0l2_w6.0_h6.0_sig_rec0.05_sig_x0.1_w_rec_coeff0.8_dmcgo/6/ckpts/model.ckpt-76000
Trial 4864000  | Time 7609.11 s  | Now training dmcgo
dmcgo          | cost 0.150014| c_reg 0.010261  | perf 0.96
Model saved in file: data/all/LeakyRNN/softplus/diag/1_tasks/128_n_rnn/lr6.0l2_w6.0_h6.0_sig_rec0.05_sig_x0.1_w_rec_coeff0.8_dmcgo/6/model.ckpt
Model saved in file: data/all/LeakyRNN/softplus/diag/1_tasks/128_n_rnn/lr6.0l2_w6.0_h6.0_sig_rec0.05_sig_x0.1_w_rec_coeff0.8_dmcgo/6/ckpts/model.ckpt-77000
Trial 4928000  | Time 7711.16 s  | Now training dmcgo
dmcgo          | cost 0.165597| c_reg 0.009804  | perf 0.96
Model saved in file: data/all/LeakyRNN/softplus/diag/1_tasks/128_n_rnn/lr6.0l2_w6.0_h6.0_sig_rec0.05_sig_x0.1_w_rec_coeff0.8_dmcgo/6/model.ckpt
Model saved in file: data/all/LeakyRNN/softplus/diag/1_tasks/128_n_rnn/lr6.0l2_w6.0_h6.0_sig_rec0.05_sig_x0.1_w_rec_coeff0.8_dmcgo/6/ckpts/model.ckpt-78000
Trial 4992000  | Time 7810.50 s  | Now training dmcgo
dmcgo          | cost 0.155888| c_reg 0.010227  | perf 0.97
Model saved in file: data/all/LeakyRNN/softplus/diag/1_tasks/128_n_rnn/lr6.0l2_w6.0_h6.0_sig_rec0.05_sig_x0.1_w_rec_coeff0.8_dmcgo/6/model.ckpt
Model saved in file: data/all/LeakyRNN/softplus/diag/1_tasks/128_n_rnn/lr6.0l2_w6.0_h6.0_sig_rec0.05_sig_x0.1_w_rec_coeff0.8_dmcgo/6/ckpts/model.ckpt-79000
Trial 5056000  | Time 7911.10 s  | Now training dmcgo
dmcgo          | cost 0.160557| c_reg 0.009702  | perf 0.96
Model saved in file: data/all/LeakyRNN/softplus/diag/1_tasks/128_n_rnn/lr6.0l2_w6.0_h6.0_sig_rec0.05_sig_x0.1_w_rec_coeff0.8_dmcgo/6/model.ckpt
Model saved in file: data/all/LeakyRNN/softplus/diag/1_tasks/128_n_rnn/lr6.0l2_w6.0_h6.0_sig_rec0.05_sig_x0.1_w_rec_coeff0.8_dmcgo/6/ckpts/model.ckpt-80000
Trial 5120000  | Time 8011.71 s  | Now training dmcgo
dmcgo          | cost 0.152788| c_reg 0.009911  | perf 0.97
Model saved in file: data/all/LeakyRNN/softplus/diag/1_tasks/128_n_rnn/lr6.0l2_w6.0_h6.0_sig_rec0.05_sig_x0.1_w_rec_coeff0.8_dmcgo/6/model.ckpt
Model saved in file: data/all/LeakyRNN/softplus/diag/1_tasks/128_n_rnn/lr6.0l2_w6.0_h6.0_sig_rec0.05_sig_x0.1_w_rec_coeff0.8_dmcgo/6/ckpts/model.ckpt-81000
Trial 5184000  | Time 8111.90 s  | Now training dmcgo
dmcgo          | cost 0.155148| c_reg 0.009666  | perf 0.96
Model saved in file: data/all/LeakyRNN/softplus/diag/1_tasks/128_n_rnn/lr6.0l2_w6.0_h6.0_sig_rec0.05_sig_x0.1_w_rec_coeff0.8_dmcgo/6/model.ckpt
Model saved in file: data/all/LeakyRNN/softplus/diag/1_tasks/128_n_rnn/lr6.0l2_w6.0_h6.0_sig_rec0.05_sig_x0.1_w_rec_coeff0.8_dmcgo/6/ckpts/model.ckpt-82000
Trial 5248000  | Time 8212.60 s  | Now training dmcgo
dmcgo          | cost 0.162057| c_reg 0.009649  | perf 0.96
Model saved in file: data/all/LeakyRNN/softplus/diag/1_tasks/128_n_rnn/lr6.0l2_w6.0_h6.0_sig_rec0.05_sig_x0.1_w_rec_coeff0.8_dmcgo/6/model.ckpt
Model saved in file: data/all/LeakyRNN/softplus/diag/1_tasks/128_n_rnn/lr6.0l2_w6.0_h6.0_sig_rec0.05_sig_x0.1_w_rec_coeff0.8_dmcgo/6/ckpts/model.ckpt-83000
Trial 5312000  | Time 8312.75 s  | Now training dmcgo
dmcgo          | cost 0.154753| c_reg 0.009488  | perf 0.96
Model saved in file: data/all/LeakyRNN/softplus/diag/1_tasks/128_n_rnn/lr6.0l2_w6.0_h6.0_sig_rec0.05_sig_x0.1_w_rec_coeff0.8_dmcgo/6/model.ckpt
Model saved in file: data/all/LeakyRNN/softplus/diag/1_tasks/128_n_rnn/lr6.0l2_w6.0_h6.0_sig_rec0.05_sig_x0.1_w_rec_coeff0.8_dmcgo/6/ckpts/model.ckpt-84000
Trial 5376000  | Time 8412.56 s  | Now training dmcgo
dmcgo          | cost 0.162323| c_reg 0.009538  | perf 0.96
Model saved in file: data/all/LeakyRNN/softplus/diag/1_tasks/128_n_rnn/lr6.0l2_w6.0_h6.0_sig_rec0.05_sig_x0.1_w_rec_coeff0.8_dmcgo/6/model.ckpt
Model saved in file: data/all/LeakyRNN/softplus/diag/1_tasks/128_n_rnn/lr6.0l2_w6.0_h6.0_sig_rec0.05_sig_x0.1_w_rec_coeff0.8_dmcgo/6/ckpts/model.ckpt-85000
Trial 5440000  | Time 8511.92 s  | Now training dmcgo
dmcgo          | cost 0.154328| c_reg 0.009328  | perf 0.96
Model saved in file: data/all/LeakyRNN/softplus/diag/1_tasks/128_n_rnn/lr6.0l2_w6.0_h6.0_sig_rec0.05_sig_x0.1_w_rec_coeff0.8_dmcgo/6/model.ckpt
Model saved in file: data/all/LeakyRNN/softplus/diag/1_tasks/128_n_rnn/lr6.0l2_w6.0_h6.0_sig_rec0.05_sig_x0.1_w_rec_coeff0.8_dmcgo/6/ckpts/model.ckpt-86000
Trial 5504000  | Time 8611.81 s  | Now training dmcgo
dmcgo          | cost 0.147202| c_reg 0.009588  | perf 0.97
Model saved in file: data/all/LeakyRNN/softplus/diag/1_tasks/128_n_rnn/lr6.0l2_w6.0_h6.0_sig_rec0.05_sig_x0.1_w_rec_coeff0.8_dmcgo/6/model.ckpt
Model saved in file: data/all/LeakyRNN/softplus/diag/1_tasks/128_n_rnn/lr6.0l2_w6.0_h6.0_sig_rec0.05_sig_x0.1_w_rec_coeff0.8_dmcgo/6/ckpts/model.ckpt-87000
Trial 5568000  | Time 8712.24 s  | Now training dmcgo
dmcgo          | cost 0.158986| c_reg 0.009455  | perf 0.96
Model saved in file: data/all/LeakyRNN/softplus/diag/1_tasks/128_n_rnn/lr6.0l2_w6.0_h6.0_sig_rec0.05_sig_x0.1_w_rec_coeff0.8_dmcgo/6/model.ckpt
Model saved in file: data/all/LeakyRNN/softplus/diag/1_tasks/128_n_rnn/lr6.0l2_w6.0_h6.0_sig_rec0.05_sig_x0.1_w_rec_coeff0.8_dmcgo/6/ckpts/model.ckpt-88000
Trial 5632000  | Time 8812.14 s  | Now training dmcgo
dmcgo          | cost 0.154497| c_reg 0.009254  | perf 0.96
Model saved in file: data/all/LeakyRNN/softplus/diag/1_tasks/128_n_rnn/lr6.0l2_w6.0_h6.0_sig_rec0.05_sig_x0.1_w_rec_coeff0.8_dmcgo/6/model.ckpt
Model saved in file: data/all/LeakyRNN/softplus/diag/1_tasks/128_n_rnn/lr6.0l2_w6.0_h6.0_sig_rec0.05_sig_x0.1_w_rec_coeff0.8_dmcgo/6/ckpts/model.ckpt-89000
Trial 5696000  | Time 8912.32 s  | Now training dmcgo
dmcgo          | cost 0.150296| c_reg 0.009242  | perf 0.97
Model saved in file: data/all/LeakyRNN/softplus/diag/1_tasks/128_n_rnn/lr6.0l2_w6.0_h6.0_sig_rec0.05_sig_x0.1_w_rec_coeff0.8_dmcgo/6/model.ckpt
Model saved in file: data/all/LeakyRNN/softplus/diag/1_tasks/128_n_rnn/lr6.0l2_w6.0_h6.0_sig_rec0.05_sig_x0.1_w_rec_coeff0.8_dmcgo/6/ckpts/model.ckpt-90000
Trial 5760000  | Time 9013.51 s  | Now training dmcgo
dmcgo          | cost 0.166378| c_reg 0.009234  | perf 0.96
Model saved in file: data/all/LeakyRNN/softplus/diag/1_tasks/128_n_rnn/lr6.0l2_w6.0_h6.0_sig_rec0.05_sig_x0.1_w_rec_coeff0.8_dmcgo/6/model.ckpt
Model saved in file: data/all/LeakyRNN/softplus/diag/1_tasks/128_n_rnn/lr6.0l2_w6.0_h6.0_sig_rec0.05_sig_x0.1_w_rec_coeff0.8_dmcgo/6/ckpts/model.ckpt-91000
Trial 5824000  | Time 9114.35 s  | Now training dmcgo
dmcgo          | cost 0.149706| c_reg 0.009010  | perf 0.97
Model saved in file: data/all/LeakyRNN/softplus/diag/1_tasks/128_n_rnn/lr6.0l2_w6.0_h6.0_sig_rec0.05_sig_x0.1_w_rec_coeff0.8_dmcgo/6/model.ckpt
Model saved in file: data/all/LeakyRNN/softplus/diag/1_tasks/128_n_rnn/lr6.0l2_w6.0_h6.0_sig_rec0.05_sig_x0.1_w_rec_coeff0.8_dmcgo/6/ckpts/model.ckpt-92000
Trial 5888000  | Time 9213.79 s  | Now training dmcgo
dmcgo          | cost 0.160747| c_reg 0.009205  | perf 0.96
Model saved in file: data/all/LeakyRNN/softplus/diag/1_tasks/128_n_rnn/lr6.0l2_w6.0_h6.0_sig_rec0.05_sig_x0.1_w_rec_coeff0.8_dmcgo/6/model.ckpt
Model saved in file: data/all/LeakyRNN/softplus/diag/1_tasks/128_n_rnn/lr6.0l2_w6.0_h6.0_sig_rec0.05_sig_x0.1_w_rec_coeff0.8_dmcgo/6/ckpts/model.ckpt-93000
Trial 5952000  | Time 9314.27 s  | Now training dmcgo
dmcgo          | cost 0.147349| c_reg 0.009214  | perf 0.96
Model saved in file: data/all/LeakyRNN/softplus/diag/1_tasks/128_n_rnn/lr6.0l2_w6.0_h6.0_sig_rec0.05_sig_x0.1_w_rec_coeff0.8_dmcgo/6/model.ckpt
Optimization finished!
/var/spool/slurmd/job59196196/slurm_script: line 12: deactivate: command not found
