-------------------------------------------------------------------------------
There are messages associated with the following module(s):
-------------------------------------------------------------------------------

py-scipystack/1.0_py27:
    The SciPy Stack module is deprecated. Please use those individual
    modules instead: py-scipy, py-numpy, py-matplotlib, py-pandas, py-sympy


py-tensorflow/1.9.0_py27:
    This module is deprecated and will soon be removed.

-------------------------------------------------------------------------------

2022-07-31 14:32:55.203337: I tensorflow/core/platform/cpu_feature_guard.cc:141] Your CPU supports instructions that this TensorFlow binary was not compiled to use: AVX2 FMA
2022-07-31 14:32:55.207377: E tensorflow/stream_executor/cuda/cuda_driver.cc:397] failed call to cuInit: CUDA_ERROR_NO_DEVICE
2022-07-31 14:32:55.207414: I tensorflow/stream_executor/cuda/cuda_diagnostics.cc:158] retrieving CUDA diagnostic information for host: sh03-15n16.int
2022-07-31 14:32:55.207419: I tensorflow/stream_executor/cuda/cuda_diagnostics.cc:165] hostname: sh03-15n16.int
2022-07-31 14:32:55.207452: I tensorflow/stream_executor/cuda/cuda_diagnostics.cc:189] libcuda reported version is: 510.47.3
2022-07-31 14:32:55.207480: I tensorflow/stream_executor/cuda/cuda_diagnostics.cc:193] kernel reported version is: 510.47.3
2022-07-31 14:32:55.207485: I tensorflow/stream_executor/cuda/cuda_diagnostics.cc:300] kernel version seems to match DSO: 510.47.3
WARNING:tensorflow:From /share/software/user/open/py-tensorflow/1.9.0_py27/lib/python2.7/site-packages/tensorflow/python/util/tf_should_use.py:118: initialize_all_variables (from tensorflow.python.ops.variables) is deprecated and will be removed after 2017-03-02.
Instructions for updating:
Use `tf.global_variables_initializer` instead.
Variables being optimized:
<tf.Variable 'rnn/leaky_rnn_cell/kernel:0' shape=(148, 128) dtype=float32_ref>
<tf.Variable 'rnn/leaky_rnn_cell/bias:0' shape=(128,) dtype=float32_ref>
<tf.Variable 'output/weights:0' shape=(128, 3) dtype=float32_ref>
<tf.Variable 'output/biases:0' shape=(3,) dtype=float32_ref>
tau                  = 100
l2_weight_init       = 0
w_rec_init           = diag
alpha                = 0.2
target_cost          = 0
l2_h                 = 1e-06
n_eachring           = 2
rule_start           = 5
sigma_x              = 0.1
w_rec_coeff          = 0.8
batch_size_train     = 64
target_perf          = 1.0
l1_h                 = 0.0
n_rnn                = 128
rules                = ['reactgo']
n_output             = 3
p_weight_train       = None
learning_rate        = 0.001
save_name            = test
ruleset              = all
loss_type            = lsq
optimizer            = adam
rule_probs           = [1.0]
n_input              = 20
l1_weight            = 0.0
activation           = softplus
out_type             = all
rng                  = <mtrand.RandomState object at 0x7f18b9983b40>
c_intsyn             = 0
l2_weight            = 1e-06
num_ring             = 2
dt                   = 20
seed                 = 6
in_type              = normal
use_separate_input   = False
rule_trains          = ['reactgo']
batch_size_test      = 8192
sigma_rec            = 0.05
n_rule               = 15
rnn_type             = LeakyRNN
n_rep                = 256
ksi_intsyn           = 0
Model saved in file: data/all/LeakyRNN/softplus/diag/1_tasks/128_n_rnn/lr6.0l2_w6.0_h6.0_sig_rec0.05_sig_x0.1_w_rec_coeff0.8_reactgo/6/ckpts/model.ckpt-0
Trial       0  | Time 0.32 s  | Now training reactgo
reactgo        | cost 148.978073| c_reg 0.625103  | perf 0.11
Model saved in file: data/all/LeakyRNN/softplus/diag/1_tasks/128_n_rnn/lr6.0l2_w6.0_h6.0_sig_rec0.05_sig_x0.1_w_rec_coeff0.8_reactgo/6/model.ckpt
Model saved in file: data/all/LeakyRNN/softplus/diag/1_tasks/128_n_rnn/lr6.0l2_w6.0_h6.0_sig_rec0.05_sig_x0.1_w_rec_coeff0.8_reactgo/6/ckpts/model.ckpt-1
Model saved in file: data/all/LeakyRNN/softplus/diag/1_tasks/128_n_rnn/lr6.0l2_w6.0_h6.0_sig_rec0.05_sig_x0.1_w_rec_coeff0.8_reactgo/6/ckpts/model.ckpt-2
Model saved in file: data/all/LeakyRNN/softplus/diag/1_tasks/128_n_rnn/lr6.0l2_w6.0_h6.0_sig_rec0.05_sig_x0.1_w_rec_coeff0.8_reactgo/6/ckpts/model.ckpt-3
Model saved in file: data/all/LeakyRNN/softplus/diag/1_tasks/128_n_rnn/lr6.0l2_w6.0_h6.0_sig_rec0.05_sig_x0.1_w_rec_coeff0.8_reactgo/6/ckpts/model.ckpt-4
Model saved in file: data/all/LeakyRNN/softplus/diag/1_tasks/128_n_rnn/lr6.0l2_w6.0_h6.0_sig_rec0.05_sig_x0.1_w_rec_coeff0.8_reactgo/6/ckpts/model.ckpt-5
Model saved in file: data/all/LeakyRNN/softplus/diag/1_tasks/128_n_rnn/lr6.0l2_w6.0_h6.0_sig_rec0.05_sig_x0.1_w_rec_coeff0.8_reactgo/6/ckpts/model.ckpt-6
Model saved in file: data/all/LeakyRNN/softplus/diag/1_tasks/128_n_rnn/lr6.0l2_w6.0_h6.0_sig_rec0.05_sig_x0.1_w_rec_coeff0.8_reactgo/6/ckpts/model.ckpt-7
Model saved in file: data/all/LeakyRNN/softplus/diag/1_tasks/128_n_rnn/lr6.0l2_w6.0_h6.0_sig_rec0.05_sig_x0.1_w_rec_coeff0.8_reactgo/6/ckpts/model.ckpt-8
Model saved in file: data/all/LeakyRNN/softplus/diag/1_tasks/128_n_rnn/lr6.0l2_w6.0_h6.0_sig_rec0.05_sig_x0.1_w_rec_coeff0.8_reactgo/6/ckpts/model.ckpt-9
Model saved in file: data/all/LeakyRNN/softplus/diag/1_tasks/128_n_rnn/lr6.0l2_w6.0_h6.0_sig_rec0.05_sig_x0.1_w_rec_coeff0.8_reactgo/6/ckpts/model.ckpt-1000
Trial   64000  | Time 91.72 s  | Now training reactgo
reactgo        | cost 0.548562| c_reg 0.149409  | perf 0.99
Model saved in file: data/all/LeakyRNN/softplus/diag/1_tasks/128_n_rnn/lr6.0l2_w6.0_h6.0_sig_rec0.05_sig_x0.1_w_rec_coeff0.8_reactgo/6/model.ckpt
Model saved in file: data/all/LeakyRNN/softplus/diag/1_tasks/128_n_rnn/lr6.0l2_w6.0_h6.0_sig_rec0.05_sig_x0.1_w_rec_coeff0.8_reactgo/6/ckpts/model.ckpt-2000
Trial  128000  | Time 183.52 s  | Now training reactgo
reactgo        | cost 0.444285| c_reg 0.102596  | perf 0.99
Model saved in file: data/all/LeakyRNN/softplus/diag/1_tasks/128_n_rnn/lr6.0l2_w6.0_h6.0_sig_rec0.05_sig_x0.1_w_rec_coeff0.8_reactgo/6/model.ckpt
Model saved in file: data/all/LeakyRNN/softplus/diag/1_tasks/128_n_rnn/lr6.0l2_w6.0_h6.0_sig_rec0.05_sig_x0.1_w_rec_coeff0.8_reactgo/6/ckpts/model.ckpt-3000
Trial  192000  | Time 275.15 s  | Now training reactgo
reactgo        | cost 0.570734| c_reg 0.079875  | perf 0.98
Model saved in file: data/all/LeakyRNN/softplus/diag/1_tasks/128_n_rnn/lr6.0l2_w6.0_h6.0_sig_rec0.05_sig_x0.1_w_rec_coeff0.8_reactgo/6/model.ckpt
Model saved in file: data/all/LeakyRNN/softplus/diag/1_tasks/128_n_rnn/lr6.0l2_w6.0_h6.0_sig_rec0.05_sig_x0.1_w_rec_coeff0.8_reactgo/6/ckpts/model.ckpt-4000
Trial  256000  | Time 366.69 s  | Now training reactgo
reactgo        | cost 0.407960| c_reg 0.064667  | perf 0.98
Model saved in file: data/all/LeakyRNN/softplus/diag/1_tasks/128_n_rnn/lr6.0l2_w6.0_h6.0_sig_rec0.05_sig_x0.1_w_rec_coeff0.8_reactgo/6/model.ckpt
Model saved in file: data/all/LeakyRNN/softplus/diag/1_tasks/128_n_rnn/lr6.0l2_w6.0_h6.0_sig_rec0.05_sig_x0.1_w_rec_coeff0.8_reactgo/6/ckpts/model.ckpt-5000
Trial  320000  | Time 457.86 s  | Now training reactgo
reactgo        | cost 0.446507| c_reg 0.052707  | perf 0.98
Model saved in file: data/all/LeakyRNN/softplus/diag/1_tasks/128_n_rnn/lr6.0l2_w6.0_h6.0_sig_rec0.05_sig_x0.1_w_rec_coeff0.8_reactgo/6/model.ckpt
Model saved in file: data/all/LeakyRNN/softplus/diag/1_tasks/128_n_rnn/lr6.0l2_w6.0_h6.0_sig_rec0.05_sig_x0.1_w_rec_coeff0.8_reactgo/6/ckpts/model.ckpt-6000
Trial  384000  | Time 549.72 s  | Now training reactgo
reactgo        | cost 0.367264| c_reg 0.042988  | perf 0.98
Model saved in file: data/all/LeakyRNN/softplus/diag/1_tasks/128_n_rnn/lr6.0l2_w6.0_h6.0_sig_rec0.05_sig_x0.1_w_rec_coeff0.8_reactgo/6/model.ckpt
Model saved in file: data/all/LeakyRNN/softplus/diag/1_tasks/128_n_rnn/lr6.0l2_w6.0_h6.0_sig_rec0.05_sig_x0.1_w_rec_coeff0.8_reactgo/6/ckpts/model.ckpt-7000
Trial  448000  | Time 642.36 s  | Now training reactgo
reactgo        | cost 0.356258| c_reg 0.036122  | perf 0.98
Model saved in file: data/all/LeakyRNN/softplus/diag/1_tasks/128_n_rnn/lr6.0l2_w6.0_h6.0_sig_rec0.05_sig_x0.1_w_rec_coeff0.8_reactgo/6/model.ckpt
Model saved in file: data/all/LeakyRNN/softplus/diag/1_tasks/128_n_rnn/lr6.0l2_w6.0_h6.0_sig_rec0.05_sig_x0.1_w_rec_coeff0.8_reactgo/6/ckpts/model.ckpt-8000
Trial  512000  | Time 733.68 s  | Now training reactgo
reactgo        | cost 0.332904| c_reg 0.028629  | perf 0.99
Model saved in file: data/all/LeakyRNN/softplus/diag/1_tasks/128_n_rnn/lr6.0l2_w6.0_h6.0_sig_rec0.05_sig_x0.1_w_rec_coeff0.8_reactgo/6/model.ckpt
Model saved in file: data/all/LeakyRNN/softplus/diag/1_tasks/128_n_rnn/lr6.0l2_w6.0_h6.0_sig_rec0.05_sig_x0.1_w_rec_coeff0.8_reactgo/6/ckpts/model.ckpt-9000
Trial  576000  | Time 824.88 s  | Now training reactgo
reactgo        | cost 0.323375| c_reg 0.026285  | perf 0.98
Model saved in file: data/all/LeakyRNN/softplus/diag/1_tasks/128_n_rnn/lr6.0l2_w6.0_h6.0_sig_rec0.05_sig_x0.1_w_rec_coeff0.8_reactgo/6/model.ckpt
Model saved in file: data/all/LeakyRNN/softplus/diag/1_tasks/128_n_rnn/lr6.0l2_w6.0_h6.0_sig_rec0.05_sig_x0.1_w_rec_coeff0.8_reactgo/6/ckpts/model.ckpt-10000
Trial  640000  | Time 917.15 s  | Now training reactgo
reactgo        | cost 0.305017| c_reg 0.022532  | perf 0.99
Model saved in file: data/all/LeakyRNN/softplus/diag/1_tasks/128_n_rnn/lr6.0l2_w6.0_h6.0_sig_rec0.05_sig_x0.1_w_rec_coeff0.8_reactgo/6/model.ckpt
Model saved in file: data/all/LeakyRNN/softplus/diag/1_tasks/128_n_rnn/lr6.0l2_w6.0_h6.0_sig_rec0.05_sig_x0.1_w_rec_coeff0.8_reactgo/6/ckpts/model.ckpt-11000
Trial  704000  | Time 1009.24 s  | Now training reactgo
reactgo        | cost 0.272012| c_reg 0.022246  | perf 0.99
Model saved in file: data/all/LeakyRNN/softplus/diag/1_tasks/128_n_rnn/lr6.0l2_w6.0_h6.0_sig_rec0.05_sig_x0.1_w_rec_coeff0.8_reactgo/6/model.ckpt
Model saved in file: data/all/LeakyRNN/softplus/diag/1_tasks/128_n_rnn/lr6.0l2_w6.0_h6.0_sig_rec0.05_sig_x0.1_w_rec_coeff0.8_reactgo/6/ckpts/model.ckpt-12000
Trial  768000  | Time 1101.37 s  | Now training reactgo
reactgo        | cost 0.252051| c_reg 0.021124  | perf 1.00
Model saved in file: data/all/LeakyRNN/softplus/diag/1_tasks/128_n_rnn/lr6.0l2_w6.0_h6.0_sig_rec0.05_sig_x0.1_w_rec_coeff0.8_reactgo/6/model.ckpt
Model saved in file: data/all/LeakyRNN/softplus/diag/1_tasks/128_n_rnn/lr6.0l2_w6.0_h6.0_sig_rec0.05_sig_x0.1_w_rec_coeff0.8_reactgo/6/ckpts/model.ckpt-13000
Trial  832000  | Time 1193.08 s  | Now training reactgo
reactgo        | cost 0.223844| c_reg 0.019870  | perf 1.00
Model saved in file: data/all/LeakyRNN/softplus/diag/1_tasks/128_n_rnn/lr6.0l2_w6.0_h6.0_sig_rec0.05_sig_x0.1_w_rec_coeff0.8_reactgo/6/model.ckpt
Model saved in file: data/all/LeakyRNN/softplus/diag/1_tasks/128_n_rnn/lr6.0l2_w6.0_h6.0_sig_rec0.05_sig_x0.1_w_rec_coeff0.8_reactgo/6/ckpts/model.ckpt-14000
Trial  896000  | Time 1285.54 s  | Now training reactgo
reactgo        | cost 0.192456| c_reg 0.020455  | perf 1.00
Model saved in file: data/all/LeakyRNN/softplus/diag/1_tasks/128_n_rnn/lr6.0l2_w6.0_h6.0_sig_rec0.05_sig_x0.1_w_rec_coeff0.8_reactgo/6/model.ckpt
Model saved in file: data/all/LeakyRNN/softplus/diag/1_tasks/128_n_rnn/lr6.0l2_w6.0_h6.0_sig_rec0.05_sig_x0.1_w_rec_coeff0.8_reactgo/6/ckpts/model.ckpt-15000
Trial  960000  | Time 1377.60 s  | Now training reactgo
reactgo        | cost 0.172646| c_reg 0.019501  | perf 1.00
Model saved in file: data/all/LeakyRNN/softplus/diag/1_tasks/128_n_rnn/lr6.0l2_w6.0_h6.0_sig_rec0.05_sig_x0.1_w_rec_coeff0.8_reactgo/6/model.ckpt
Model saved in file: data/all/LeakyRNN/softplus/diag/1_tasks/128_n_rnn/lr6.0l2_w6.0_h6.0_sig_rec0.05_sig_x0.1_w_rec_coeff0.8_reactgo/6/ckpts/model.ckpt-16000
Trial 1024000  | Time 1469.87 s  | Now training reactgo
reactgo        | cost 0.144407| c_reg 0.019120  | perf 1.00
Model saved in file: data/all/LeakyRNN/softplus/diag/1_tasks/128_n_rnn/lr6.0l2_w6.0_h6.0_sig_rec0.05_sig_x0.1_w_rec_coeff0.8_reactgo/6/model.ckpt
Model saved in file: data/all/LeakyRNN/softplus/diag/1_tasks/128_n_rnn/lr6.0l2_w6.0_h6.0_sig_rec0.05_sig_x0.1_w_rec_coeff0.8_reactgo/6/ckpts/model.ckpt-17000
Trial 1088000  | Time 1561.26 s  | Now training reactgo
reactgo        | cost 0.122050| c_reg 0.017261  | perf 1.00
Model saved in file: data/all/LeakyRNN/softplus/diag/1_tasks/128_n_rnn/lr6.0l2_w6.0_h6.0_sig_rec0.05_sig_x0.1_w_rec_coeff0.8_reactgo/6/model.ckpt
Model saved in file: data/all/LeakyRNN/softplus/diag/1_tasks/128_n_rnn/lr6.0l2_w6.0_h6.0_sig_rec0.05_sig_x0.1_w_rec_coeff0.8_reactgo/6/ckpts/model.ckpt-18000
Trial 1152000  | Time 1653.42 s  | Now training reactgo
reactgo        | cost 0.103471| c_reg 0.016737  | perf 1.00
Model saved in file: data/all/LeakyRNN/softplus/diag/1_tasks/128_n_rnn/lr6.0l2_w6.0_h6.0_sig_rec0.05_sig_x0.1_w_rec_coeff0.8_reactgo/6/model.ckpt
Model saved in file: data/all/LeakyRNN/softplus/diag/1_tasks/128_n_rnn/lr6.0l2_w6.0_h6.0_sig_rec0.05_sig_x0.1_w_rec_coeff0.8_reactgo/6/ckpts/model.ckpt-19000
Trial 1216000  | Time 1745.00 s  | Now training reactgo
reactgo        | cost 0.092360| c_reg 0.015396  | perf 1.00
Model saved in file: data/all/LeakyRNN/softplus/diag/1_tasks/128_n_rnn/lr6.0l2_w6.0_h6.0_sig_rec0.05_sig_x0.1_w_rec_coeff0.8_reactgo/6/model.ckpt
Model saved in file: data/all/LeakyRNN/softplus/diag/1_tasks/128_n_rnn/lr6.0l2_w6.0_h6.0_sig_rec0.05_sig_x0.1_w_rec_coeff0.8_reactgo/6/ckpts/model.ckpt-20000
Trial 1280000  | Time 1836.27 s  | Now training reactgo
reactgo        | cost 0.083416| c_reg 0.014396  | perf 1.00
Model saved in file: data/all/LeakyRNN/softplus/diag/1_tasks/128_n_rnn/lr6.0l2_w6.0_h6.0_sig_rec0.05_sig_x0.1_w_rec_coeff0.8_reactgo/6/model.ckpt
Model saved in file: data/all/LeakyRNN/softplus/diag/1_tasks/128_n_rnn/lr6.0l2_w6.0_h6.0_sig_rec0.05_sig_x0.1_w_rec_coeff0.8_reactgo/6/ckpts/model.ckpt-21000
Trial 1344000  | Time 1927.23 s  | Now training reactgo
reactgo        | cost 0.078719| c_reg 0.013267  | perf 1.00
Model saved in file: data/all/LeakyRNN/softplus/diag/1_tasks/128_n_rnn/lr6.0l2_w6.0_h6.0_sig_rec0.05_sig_x0.1_w_rec_coeff0.8_reactgo/6/model.ckpt
Model saved in file: data/all/LeakyRNN/softplus/diag/1_tasks/128_n_rnn/lr6.0l2_w6.0_h6.0_sig_rec0.05_sig_x0.1_w_rec_coeff0.8_reactgo/6/ckpts/model.ckpt-22000
Trial 1408000  | Time 2019.80 s  | Now training reactgo
reactgo        | cost 0.071092| c_reg 0.012011  | perf 1.00
Model saved in file: data/all/LeakyRNN/softplus/diag/1_tasks/128_n_rnn/lr6.0l2_w6.0_h6.0_sig_rec0.05_sig_x0.1_w_rec_coeff0.8_reactgo/6/model.ckpt
Model saved in file: data/all/LeakyRNN/softplus/diag/1_tasks/128_n_rnn/lr6.0l2_w6.0_h6.0_sig_rec0.05_sig_x0.1_w_rec_coeff0.8_reactgo/6/ckpts/model.ckpt-23000
Trial 1472000  | Time 2112.56 s  | Now training reactgo
reactgo        | cost 0.066140| c_reg 0.011009  | perf 1.00
Model saved in file: data/all/LeakyRNN/softplus/diag/1_tasks/128_n_rnn/lr6.0l2_w6.0_h6.0_sig_rec0.05_sig_x0.1_w_rec_coeff0.8_reactgo/6/model.ckpt
Model saved in file: data/all/LeakyRNN/softplus/diag/1_tasks/128_n_rnn/lr6.0l2_w6.0_h6.0_sig_rec0.05_sig_x0.1_w_rec_coeff0.8_reactgo/6/ckpts/model.ckpt-24000
Trial 1536000  | Time 2204.65 s  | Now training reactgo
reactgo        | cost 0.063877| c_reg 0.010019  | perf 1.00
Model saved in file: data/all/LeakyRNN/softplus/diag/1_tasks/128_n_rnn/lr6.0l2_w6.0_h6.0_sig_rec0.05_sig_x0.1_w_rec_coeff0.8_reactgo/6/model.ckpt
Model saved in file: data/all/LeakyRNN/softplus/diag/1_tasks/128_n_rnn/lr6.0l2_w6.0_h6.0_sig_rec0.05_sig_x0.1_w_rec_coeff0.8_reactgo/6/ckpts/model.ckpt-25000
Trial 1600000  | Time 2297.45 s  | Now training reactgo
reactgo        | cost 0.059348| c_reg 0.009563  | perf 1.00
Model saved in file: data/all/LeakyRNN/softplus/diag/1_tasks/128_n_rnn/lr6.0l2_w6.0_h6.0_sig_rec0.05_sig_x0.1_w_rec_coeff0.8_reactgo/6/model.ckpt
Model saved in file: data/all/LeakyRNN/softplus/diag/1_tasks/128_n_rnn/lr6.0l2_w6.0_h6.0_sig_rec0.05_sig_x0.1_w_rec_coeff0.8_reactgo/6/ckpts/model.ckpt-26000
Trial 1664000  | Time 2388.65 s  | Now training reactgo
reactgo        | cost 0.056344| c_reg 0.009121  | perf 1.00
Model saved in file: data/all/LeakyRNN/softplus/diag/1_tasks/128_n_rnn/lr6.0l2_w6.0_h6.0_sig_rec0.05_sig_x0.1_w_rec_coeff0.8_reactgo/6/model.ckpt
Model saved in file: data/all/LeakyRNN/softplus/diag/1_tasks/128_n_rnn/lr6.0l2_w6.0_h6.0_sig_rec0.05_sig_x0.1_w_rec_coeff0.8_reactgo/6/ckpts/model.ckpt-27000
Trial 1728000  | Time 2481.75 s  | Now training reactgo
reactgo        | cost 0.053810| c_reg 0.008786  | perf 1.00
Model saved in file: data/all/LeakyRNN/softplus/diag/1_tasks/128_n_rnn/lr6.0l2_w6.0_h6.0_sig_rec0.05_sig_x0.1_w_rec_coeff0.8_reactgo/6/model.ckpt
Model saved in file: data/all/LeakyRNN/softplus/diag/1_tasks/128_n_rnn/lr6.0l2_w6.0_h6.0_sig_rec0.05_sig_x0.1_w_rec_coeff0.8_reactgo/6/ckpts/model.ckpt-28000
Trial 1792000  | Time 2573.39 s  | Now training reactgo
reactgo        | cost 0.052154| c_reg 0.008206  | perf 1.00
Model saved in file: data/all/LeakyRNN/softplus/diag/1_tasks/128_n_rnn/lr6.0l2_w6.0_h6.0_sig_rec0.05_sig_x0.1_w_rec_coeff0.8_reactgo/6/model.ckpt
Model saved in file: data/all/LeakyRNN/softplus/diag/1_tasks/128_n_rnn/lr6.0l2_w6.0_h6.0_sig_rec0.05_sig_x0.1_w_rec_coeff0.8_reactgo/6/ckpts/model.ckpt-29000
Trial 1856000  | Time 2664.35 s  | Now training reactgo
reactgo        | cost 0.048810| c_reg 0.007992  | perf 1.00
Model saved in file: data/all/LeakyRNN/softplus/diag/1_tasks/128_n_rnn/lr6.0l2_w6.0_h6.0_sig_rec0.05_sig_x0.1_w_rec_coeff0.8_reactgo/6/model.ckpt
Model saved in file: data/all/LeakyRNN/softplus/diag/1_tasks/128_n_rnn/lr6.0l2_w6.0_h6.0_sig_rec0.05_sig_x0.1_w_rec_coeff0.8_reactgo/6/ckpts/model.ckpt-30000
Trial 1920000  | Time 2756.31 s  | Now training reactgo
reactgo        | cost 0.048914| c_reg 0.007651  | perf 1.00
Model saved in file: data/all/LeakyRNN/softplus/diag/1_tasks/128_n_rnn/lr6.0l2_w6.0_h6.0_sig_rec0.05_sig_x0.1_w_rec_coeff0.8_reactgo/6/model.ckpt
Model saved in file: data/all/LeakyRNN/softplus/diag/1_tasks/128_n_rnn/lr6.0l2_w6.0_h6.0_sig_rec0.05_sig_x0.1_w_rec_coeff0.8_reactgo/6/ckpts/model.ckpt-31000
Trial 1984000  | Time 2848.02 s  | Now training reactgo
reactgo        | cost 0.047115| c_reg 0.007355  | perf 1.00
Model saved in file: data/all/LeakyRNN/softplus/diag/1_tasks/128_n_rnn/lr6.0l2_w6.0_h6.0_sig_rec0.05_sig_x0.1_w_rec_coeff0.8_reactgo/6/model.ckpt
Model saved in file: data/all/LeakyRNN/softplus/diag/1_tasks/128_n_rnn/lr6.0l2_w6.0_h6.0_sig_rec0.05_sig_x0.1_w_rec_coeff0.8_reactgo/6/ckpts/model.ckpt-32000
Trial 2048000  | Time 2939.07 s  | Now training reactgo
reactgo        | cost 0.043600| c_reg 0.007325  | perf 1.00
Model saved in file: data/all/LeakyRNN/softplus/diag/1_tasks/128_n_rnn/lr6.0l2_w6.0_h6.0_sig_rec0.05_sig_x0.1_w_rec_coeff0.8_reactgo/6/model.ckpt
Model saved in file: data/all/LeakyRNN/softplus/diag/1_tasks/128_n_rnn/lr6.0l2_w6.0_h6.0_sig_rec0.05_sig_x0.1_w_rec_coeff0.8_reactgo/6/ckpts/model.ckpt-33000
Trial 2112000  | Time 3031.08 s  | Now training reactgo
reactgo        | cost 0.043085| c_reg 0.007066  | perf 1.00
Model saved in file: data/all/LeakyRNN/softplus/diag/1_tasks/128_n_rnn/lr6.0l2_w6.0_h6.0_sig_rec0.05_sig_x0.1_w_rec_coeff0.8_reactgo/6/model.ckpt
Model saved in file: data/all/LeakyRNN/softplus/diag/1_tasks/128_n_rnn/lr6.0l2_w6.0_h6.0_sig_rec0.05_sig_x0.1_w_rec_coeff0.8_reactgo/6/ckpts/model.ckpt-34000
Trial 2176000  | Time 3122.46 s  | Now training reactgo
reactgo        | cost 0.041321| c_reg 0.007500  | perf 1.00
Model saved in file: data/all/LeakyRNN/softplus/diag/1_tasks/128_n_rnn/lr6.0l2_w6.0_h6.0_sig_rec0.05_sig_x0.1_w_rec_coeff0.8_reactgo/6/model.ckpt
Model saved in file: data/all/LeakyRNN/softplus/diag/1_tasks/128_n_rnn/lr6.0l2_w6.0_h6.0_sig_rec0.05_sig_x0.1_w_rec_coeff0.8_reactgo/6/ckpts/model.ckpt-35000
Trial 2240000  | Time 3213.22 s  | Now training reactgo
reactgo        | cost 0.041552| c_reg 0.007221  | perf 1.00
Model saved in file: data/all/LeakyRNN/softplus/diag/1_tasks/128_n_rnn/lr6.0l2_w6.0_h6.0_sig_rec0.05_sig_x0.1_w_rec_coeff0.8_reactgo/6/model.ckpt
Model saved in file: data/all/LeakyRNN/softplus/diag/1_tasks/128_n_rnn/lr6.0l2_w6.0_h6.0_sig_rec0.05_sig_x0.1_w_rec_coeff0.8_reactgo/6/ckpts/model.ckpt-36000
Trial 2304000  | Time 3303.94 s  | Now training reactgo
reactgo        | cost 0.039545| c_reg 0.007112  | perf 1.00
Model saved in file: data/all/LeakyRNN/softplus/diag/1_tasks/128_n_rnn/lr6.0l2_w6.0_h6.0_sig_rec0.05_sig_x0.1_w_rec_coeff0.8_reactgo/6/model.ckpt
Model saved in file: data/all/LeakyRNN/softplus/diag/1_tasks/128_n_rnn/lr6.0l2_w6.0_h6.0_sig_rec0.05_sig_x0.1_w_rec_coeff0.8_reactgo/6/ckpts/model.ckpt-37000
Trial 2368000  | Time 3396.54 s  | Now training reactgo
reactgo        | cost 0.039885| c_reg 0.006858  | perf 1.00
Model saved in file: data/all/LeakyRNN/softplus/diag/1_tasks/128_n_rnn/lr6.0l2_w6.0_h6.0_sig_rec0.05_sig_x0.1_w_rec_coeff0.8_reactgo/6/model.ckpt
Model saved in file: data/all/LeakyRNN/softplus/diag/1_tasks/128_n_rnn/lr6.0l2_w6.0_h6.0_sig_rec0.05_sig_x0.1_w_rec_coeff0.8_reactgo/6/ckpts/model.ckpt-38000
Trial 2432000  | Time 3489.25 s  | Now training reactgo
reactgo        | cost 0.037171| c_reg 0.006794  | perf 1.00
Model saved in file: data/all/LeakyRNN/softplus/diag/1_tasks/128_n_rnn/lr6.0l2_w6.0_h6.0_sig_rec0.05_sig_x0.1_w_rec_coeff0.8_reactgo/6/model.ckpt
Model saved in file: data/all/LeakyRNN/softplus/diag/1_tasks/128_n_rnn/lr6.0l2_w6.0_h6.0_sig_rec0.05_sig_x0.1_w_rec_coeff0.8_reactgo/6/ckpts/model.ckpt-39000
Trial 2496000  | Time 3582.08 s  | Now training reactgo
reactgo        | cost 0.038677| c_reg 0.006806  | perf 1.00
Model saved in file: data/all/LeakyRNN/softplus/diag/1_tasks/128_n_rnn/lr6.0l2_w6.0_h6.0_sig_rec0.05_sig_x0.1_w_rec_coeff0.8_reactgo/6/model.ckpt
Model saved in file: data/all/LeakyRNN/softplus/diag/1_tasks/128_n_rnn/lr6.0l2_w6.0_h6.0_sig_rec0.05_sig_x0.1_w_rec_coeff0.8_reactgo/6/ckpts/model.ckpt-40000
Trial 2560000  | Time 3673.19 s  | Now training reactgo
reactgo        | cost 0.036792| c_reg 0.006335  | perf 1.00
Model saved in file: data/all/LeakyRNN/softplus/diag/1_tasks/128_n_rnn/lr6.0l2_w6.0_h6.0_sig_rec0.05_sig_x0.1_w_rec_coeff0.8_reactgo/6/model.ckpt
Model saved in file: data/all/LeakyRNN/softplus/diag/1_tasks/128_n_rnn/lr6.0l2_w6.0_h6.0_sig_rec0.05_sig_x0.1_w_rec_coeff0.8_reactgo/6/ckpts/model.ckpt-41000
Trial 2624000  | Time 3766.47 s  | Now training reactgo
reactgo        | cost 0.036712| c_reg 0.006397  | perf 1.00
Model saved in file: data/all/LeakyRNN/softplus/diag/1_tasks/128_n_rnn/lr6.0l2_w6.0_h6.0_sig_rec0.05_sig_x0.1_w_rec_coeff0.8_reactgo/6/model.ckpt
Model saved in file: data/all/LeakyRNN/softplus/diag/1_tasks/128_n_rnn/lr6.0l2_w6.0_h6.0_sig_rec0.05_sig_x0.1_w_rec_coeff0.8_reactgo/6/ckpts/model.ckpt-42000
Trial 2688000  | Time 3859.03 s  | Now training reactgo
reactgo        | cost 0.034115| c_reg 0.006509  | perf 1.00
Model saved in file: data/all/LeakyRNN/softplus/diag/1_tasks/128_n_rnn/lr6.0l2_w6.0_h6.0_sig_rec0.05_sig_x0.1_w_rec_coeff0.8_reactgo/6/model.ckpt
Model saved in file: data/all/LeakyRNN/softplus/diag/1_tasks/128_n_rnn/lr6.0l2_w6.0_h6.0_sig_rec0.05_sig_x0.1_w_rec_coeff0.8_reactgo/6/ckpts/model.ckpt-43000
Trial 2752000  | Time 3950.23 s  | Now training reactgo
reactgo        | cost 0.036099| c_reg 0.006341  | perf 1.00
/home/users/lndrisco/code/multitask-nets/stepnet/task.py:144: RuntimeWarning: overflow encountered in multiply
  self.stim_strength = 100*np.empty((len(locs),4))
Model saved in file: data/all/LeakyRNN/softplus/diag/1_tasks/128_n_rnn/lr6.0l2_w6.0_h6.0_sig_rec0.05_sig_x0.1_w_rec_coeff0.8_reactgo/6/model.ckpt
Model saved in file: data/all/LeakyRNN/softplus/diag/1_tasks/128_n_rnn/lr6.0l2_w6.0_h6.0_sig_rec0.05_sig_x0.1_w_rec_coeff0.8_reactgo/6/ckpts/model.ckpt-44000
Trial 2816000  | Time 4042.72 s  | Now training reactgo
reactgo        | cost 0.035668| c_reg 0.006269  | perf 1.00
Model saved in file: data/all/LeakyRNN/softplus/diag/1_tasks/128_n_rnn/lr6.0l2_w6.0_h6.0_sig_rec0.05_sig_x0.1_w_rec_coeff0.8_reactgo/6/model.ckpt
Model saved in file: data/all/LeakyRNN/softplus/diag/1_tasks/128_n_rnn/lr6.0l2_w6.0_h6.0_sig_rec0.05_sig_x0.1_w_rec_coeff0.8_reactgo/6/ckpts/model.ckpt-45000
Trial 2880000  | Time 4135.06 s  | Now training reactgo
reactgo        | cost 0.032239| c_reg 0.006332  | perf 1.00
Model saved in file: data/all/LeakyRNN/softplus/diag/1_tasks/128_n_rnn/lr6.0l2_w6.0_h6.0_sig_rec0.05_sig_x0.1_w_rec_coeff0.8_reactgo/6/model.ckpt
Model saved in file: data/all/LeakyRNN/softplus/diag/1_tasks/128_n_rnn/lr6.0l2_w6.0_h6.0_sig_rec0.05_sig_x0.1_w_rec_coeff0.8_reactgo/6/ckpts/model.ckpt-46000
Trial 2944000  | Time 4227.09 s  | Now training reactgo
reactgo        | cost 0.033535| c_reg 0.006214  | perf 1.00
Model saved in file: data/all/LeakyRNN/softplus/diag/1_tasks/128_n_rnn/lr6.0l2_w6.0_h6.0_sig_rec0.05_sig_x0.1_w_rec_coeff0.8_reactgo/6/model.ckpt
Model saved in file: data/all/LeakyRNN/softplus/diag/1_tasks/128_n_rnn/lr6.0l2_w6.0_h6.0_sig_rec0.05_sig_x0.1_w_rec_coeff0.8_reactgo/6/ckpts/model.ckpt-47000
Trial 3008000  | Time 4319.06 s  | Now training reactgo
reactgo        | cost 0.032728| c_reg 0.006433  | perf 1.00
Model saved in file: data/all/LeakyRNN/softplus/diag/1_tasks/128_n_rnn/lr6.0l2_w6.0_h6.0_sig_rec0.05_sig_x0.1_w_rec_coeff0.8_reactgo/6/model.ckpt
Model saved in file: data/all/LeakyRNN/softplus/diag/1_tasks/128_n_rnn/lr6.0l2_w6.0_h6.0_sig_rec0.05_sig_x0.1_w_rec_coeff0.8_reactgo/6/ckpts/model.ckpt-48000
Trial 3072000  | Time 4411.15 s  | Now training reactgo
reactgo        | cost 0.032285| c_reg 0.006267  | perf 1.00
Model saved in file: data/all/LeakyRNN/softplus/diag/1_tasks/128_n_rnn/lr6.0l2_w6.0_h6.0_sig_rec0.05_sig_x0.1_w_rec_coeff0.8_reactgo/6/model.ckpt
Model saved in file: data/all/LeakyRNN/softplus/diag/1_tasks/128_n_rnn/lr6.0l2_w6.0_h6.0_sig_rec0.05_sig_x0.1_w_rec_coeff0.8_reactgo/6/ckpts/model.ckpt-49000
Trial 3136000  | Time 4503.31 s  | Now training reactgo
reactgo        | cost 0.032773| c_reg 0.006401  | perf 1.00
Model saved in file: data/all/LeakyRNN/softplus/diag/1_tasks/128_n_rnn/lr6.0l2_w6.0_h6.0_sig_rec0.05_sig_x0.1_w_rec_coeff0.8_reactgo/6/model.ckpt
Model saved in file: data/all/LeakyRNN/softplus/diag/1_tasks/128_n_rnn/lr6.0l2_w6.0_h6.0_sig_rec0.05_sig_x0.1_w_rec_coeff0.8_reactgo/6/ckpts/model.ckpt-50000
Trial 3200000  | Time 4595.60 s  | Now training reactgo
reactgo        | cost 0.031889| c_reg 0.006422  | perf 1.00
Model saved in file: data/all/LeakyRNN/softplus/diag/1_tasks/128_n_rnn/lr6.0l2_w6.0_h6.0_sig_rec0.05_sig_x0.1_w_rec_coeff0.8_reactgo/6/model.ckpt
Model saved in file: data/all/LeakyRNN/softplus/diag/1_tasks/128_n_rnn/lr6.0l2_w6.0_h6.0_sig_rec0.05_sig_x0.1_w_rec_coeff0.8_reactgo/6/ckpts/model.ckpt-51000
Trial 3264000  | Time 4688.00 s  | Now training reactgo
reactgo        | cost 0.030850| c_reg 0.006177  | perf 1.00
Model saved in file: data/all/LeakyRNN/softplus/diag/1_tasks/128_n_rnn/lr6.0l2_w6.0_h6.0_sig_rec0.05_sig_x0.1_w_rec_coeff0.8_reactgo/6/model.ckpt
Model saved in file: data/all/LeakyRNN/softplus/diag/1_tasks/128_n_rnn/lr6.0l2_w6.0_h6.0_sig_rec0.05_sig_x0.1_w_rec_coeff0.8_reactgo/6/ckpts/model.ckpt-52000
Trial 3328000  | Time 4780.08 s  | Now training reactgo
reactgo        | cost 0.031440| c_reg 0.006219  | perf 1.00
Model saved in file: data/all/LeakyRNN/softplus/diag/1_tasks/128_n_rnn/lr6.0l2_w6.0_h6.0_sig_rec0.05_sig_x0.1_w_rec_coeff0.8_reactgo/6/model.ckpt
Model saved in file: data/all/LeakyRNN/softplus/diag/1_tasks/128_n_rnn/lr6.0l2_w6.0_h6.0_sig_rec0.05_sig_x0.1_w_rec_coeff0.8_reactgo/6/ckpts/model.ckpt-53000
Trial 3392000  | Time 4872.43 s  | Now training reactgo
reactgo        | cost 0.030006| c_reg 0.006159  | perf 1.00
Model saved in file: data/all/LeakyRNN/softplus/diag/1_tasks/128_n_rnn/lr6.0l2_w6.0_h6.0_sig_rec0.05_sig_x0.1_w_rec_coeff0.8_reactgo/6/model.ckpt
Model saved in file: data/all/LeakyRNN/softplus/diag/1_tasks/128_n_rnn/lr6.0l2_w6.0_h6.0_sig_rec0.05_sig_x0.1_w_rec_coeff0.8_reactgo/6/ckpts/model.ckpt-54000
Trial 3456000  | Time 4962.99 s  | Now training reactgo
reactgo        | cost 0.029516| c_reg 0.006328  | perf 1.00
Model saved in file: data/all/LeakyRNN/softplus/diag/1_tasks/128_n_rnn/lr6.0l2_w6.0_h6.0_sig_rec0.05_sig_x0.1_w_rec_coeff0.8_reactgo/6/model.ckpt
Model saved in file: data/all/LeakyRNN/softplus/diag/1_tasks/128_n_rnn/lr6.0l2_w6.0_h6.0_sig_rec0.05_sig_x0.1_w_rec_coeff0.8_reactgo/6/ckpts/model.ckpt-55000
Trial 3520000  | Time 5055.47 s  | Now training reactgo
reactgo        | cost 0.031058| c_reg 0.006346  | perf 1.00
Model saved in file: data/all/LeakyRNN/softplus/diag/1_tasks/128_n_rnn/lr6.0l2_w6.0_h6.0_sig_rec0.05_sig_x0.1_w_rec_coeff0.8_reactgo/6/model.ckpt
Model saved in file: data/all/LeakyRNN/softplus/diag/1_tasks/128_n_rnn/lr6.0l2_w6.0_h6.0_sig_rec0.05_sig_x0.1_w_rec_coeff0.8_reactgo/6/ckpts/model.ckpt-56000
Trial 3584000  | Time 5146.04 s  | Now training reactgo
reactgo        | cost 0.030224| c_reg 0.006207  | perf 1.00
Model saved in file: data/all/LeakyRNN/softplus/diag/1_tasks/128_n_rnn/lr6.0l2_w6.0_h6.0_sig_rec0.05_sig_x0.1_w_rec_coeff0.8_reactgo/6/model.ckpt
Model saved in file: data/all/LeakyRNN/softplus/diag/1_tasks/128_n_rnn/lr6.0l2_w6.0_h6.0_sig_rec0.05_sig_x0.1_w_rec_coeff0.8_reactgo/6/ckpts/model.ckpt-57000
Trial 3648000  | Time 5237.25 s  | Now training reactgo
reactgo        | cost 0.031258| c_reg 0.006248  | perf 1.00
Model saved in file: data/all/LeakyRNN/softplus/diag/1_tasks/128_n_rnn/lr6.0l2_w6.0_h6.0_sig_rec0.05_sig_x0.1_w_rec_coeff0.8_reactgo/6/model.ckpt
Model saved in file: data/all/LeakyRNN/softplus/diag/1_tasks/128_n_rnn/lr6.0l2_w6.0_h6.0_sig_rec0.05_sig_x0.1_w_rec_coeff0.8_reactgo/6/ckpts/model.ckpt-58000
Trial 3712000  | Time 5329.99 s  | Now training reactgo
reactgo        | cost 0.028379| c_reg 0.006309  | perf 1.00
Model saved in file: data/all/LeakyRNN/softplus/diag/1_tasks/128_n_rnn/lr6.0l2_w6.0_h6.0_sig_rec0.05_sig_x0.1_w_rec_coeff0.8_reactgo/6/model.ckpt
Model saved in file: data/all/LeakyRNN/softplus/diag/1_tasks/128_n_rnn/lr6.0l2_w6.0_h6.0_sig_rec0.05_sig_x0.1_w_rec_coeff0.8_reactgo/6/ckpts/model.ckpt-59000
Trial 3776000  | Time 5421.34 s  | Now training reactgo
reactgo        | cost 0.030419| c_reg 0.006158  | perf 1.00
Model saved in file: data/all/LeakyRNN/softplus/diag/1_tasks/128_n_rnn/lr6.0l2_w6.0_h6.0_sig_rec0.05_sig_x0.1_w_rec_coeff0.8_reactgo/6/model.ckpt
Model saved in file: data/all/LeakyRNN/softplus/diag/1_tasks/128_n_rnn/lr6.0l2_w6.0_h6.0_sig_rec0.05_sig_x0.1_w_rec_coeff0.8_reactgo/6/ckpts/model.ckpt-60000
Trial 3840000  | Time 5513.09 s  | Now training reactgo
reactgo        | cost 0.028592| c_reg 0.006275  | perf 1.00
Model saved in file: data/all/LeakyRNN/softplus/diag/1_tasks/128_n_rnn/lr6.0l2_w6.0_h6.0_sig_rec0.05_sig_x0.1_w_rec_coeff0.8_reactgo/6/model.ckpt
Model saved in file: data/all/LeakyRNN/softplus/diag/1_tasks/128_n_rnn/lr6.0l2_w6.0_h6.0_sig_rec0.05_sig_x0.1_w_rec_coeff0.8_reactgo/6/ckpts/model.ckpt-61000
Trial 3904000  | Time 5605.14 s  | Now training reactgo
reactgo        | cost 0.030200| c_reg 0.006136  | perf 1.00
Model saved in file: data/all/LeakyRNN/softplus/diag/1_tasks/128_n_rnn/lr6.0l2_w6.0_h6.0_sig_rec0.05_sig_x0.1_w_rec_coeff0.8_reactgo/6/model.ckpt
Model saved in file: data/all/LeakyRNN/softplus/diag/1_tasks/128_n_rnn/lr6.0l2_w6.0_h6.0_sig_rec0.05_sig_x0.1_w_rec_coeff0.8_reactgo/6/ckpts/model.ckpt-62000
Trial 3968000  | Time 5697.17 s  | Now training reactgo
reactgo        | cost 0.030672| c_reg 0.006142  | perf 1.00
Model saved in file: data/all/LeakyRNN/softplus/diag/1_tasks/128_n_rnn/lr6.0l2_w6.0_h6.0_sig_rec0.05_sig_x0.1_w_rec_coeff0.8_reactgo/6/model.ckpt
Model saved in file: data/all/LeakyRNN/softplus/diag/1_tasks/128_n_rnn/lr6.0l2_w6.0_h6.0_sig_rec0.05_sig_x0.1_w_rec_coeff0.8_reactgo/6/ckpts/model.ckpt-63000
Trial 4032000  | Time 5788.70 s  | Now training reactgo
reactgo        | cost 0.028618| c_reg 0.006202  | perf 1.00
Model saved in file: data/all/LeakyRNN/softplus/diag/1_tasks/128_n_rnn/lr6.0l2_w6.0_h6.0_sig_rec0.05_sig_x0.1_w_rec_coeff0.8_reactgo/6/model.ckpt
Model saved in file: data/all/LeakyRNN/softplus/diag/1_tasks/128_n_rnn/lr6.0l2_w6.0_h6.0_sig_rec0.05_sig_x0.1_w_rec_coeff0.8_reactgo/6/ckpts/model.ckpt-64000
Trial 4096000  | Time 5879.64 s  | Now training reactgo
reactgo        | cost 0.027691| c_reg 0.006471  | perf 1.00
Model saved in file: data/all/LeakyRNN/softplus/diag/1_tasks/128_n_rnn/lr6.0l2_w6.0_h6.0_sig_rec0.05_sig_x0.1_w_rec_coeff0.8_reactgo/6/model.ckpt
Model saved in file: data/all/LeakyRNN/softplus/diag/1_tasks/128_n_rnn/lr6.0l2_w6.0_h6.0_sig_rec0.05_sig_x0.1_w_rec_coeff0.8_reactgo/6/ckpts/model.ckpt-65000
Trial 4160000  | Time 5972.21 s  | Now training reactgo
reactgo        | cost 0.030141| c_reg 0.006352  | perf 1.00
Model saved in file: data/all/LeakyRNN/softplus/diag/1_tasks/128_n_rnn/lr6.0l2_w6.0_h6.0_sig_rec0.05_sig_x0.1_w_rec_coeff0.8_reactgo/6/model.ckpt
Model saved in file: data/all/LeakyRNN/softplus/diag/1_tasks/128_n_rnn/lr6.0l2_w6.0_h6.0_sig_rec0.05_sig_x0.1_w_rec_coeff0.8_reactgo/6/ckpts/model.ckpt-66000
Trial 4224000  | Time 6064.42 s  | Now training reactgo
reactgo        | cost 0.027490| c_reg 0.006325  | perf 1.00
Model saved in file: data/all/LeakyRNN/softplus/diag/1_tasks/128_n_rnn/lr6.0l2_w6.0_h6.0_sig_rec0.05_sig_x0.1_w_rec_coeff0.8_reactgo/6/model.ckpt
Model saved in file: data/all/LeakyRNN/softplus/diag/1_tasks/128_n_rnn/lr6.0l2_w6.0_h6.0_sig_rec0.05_sig_x0.1_w_rec_coeff0.8_reactgo/6/ckpts/model.ckpt-67000
Trial 4288000  | Time 6156.91 s  | Now training reactgo
reactgo        | cost 0.027201| c_reg 0.006291  | perf 1.00
Model saved in file: data/all/LeakyRNN/softplus/diag/1_tasks/128_n_rnn/lr6.0l2_w6.0_h6.0_sig_rec0.05_sig_x0.1_w_rec_coeff0.8_reactgo/6/model.ckpt
Model saved in file: data/all/LeakyRNN/softplus/diag/1_tasks/128_n_rnn/lr6.0l2_w6.0_h6.0_sig_rec0.05_sig_x0.1_w_rec_coeff0.8_reactgo/6/ckpts/model.ckpt-68000
Trial 4352000  | Time 6249.78 s  | Now training reactgo
reactgo        | cost 0.028054| c_reg 0.006309  | perf 1.00
Model saved in file: data/all/LeakyRNN/softplus/diag/1_tasks/128_n_rnn/lr6.0l2_w6.0_h6.0_sig_rec0.05_sig_x0.1_w_rec_coeff0.8_reactgo/6/model.ckpt
Model saved in file: data/all/LeakyRNN/softplus/diag/1_tasks/128_n_rnn/lr6.0l2_w6.0_h6.0_sig_rec0.05_sig_x0.1_w_rec_coeff0.8_reactgo/6/ckpts/model.ckpt-69000
Trial 4416000  | Time 6342.13 s  | Now training reactgo
reactgo        | cost 0.027543| c_reg 0.006298  | perf 1.00
Model saved in file: data/all/LeakyRNN/softplus/diag/1_tasks/128_n_rnn/lr6.0l2_w6.0_h6.0_sig_rec0.05_sig_x0.1_w_rec_coeff0.8_reactgo/6/model.ckpt
Model saved in file: data/all/LeakyRNN/softplus/diag/1_tasks/128_n_rnn/lr6.0l2_w6.0_h6.0_sig_rec0.05_sig_x0.1_w_rec_coeff0.8_reactgo/6/ckpts/model.ckpt-70000
Trial 4480000  | Time 6433.54 s  | Now training reactgo
reactgo        | cost 0.027768| c_reg 0.006286  | perf 1.00
Model saved in file: data/all/LeakyRNN/softplus/diag/1_tasks/128_n_rnn/lr6.0l2_w6.0_h6.0_sig_rec0.05_sig_x0.1_w_rec_coeff0.8_reactgo/6/model.ckpt
Model saved in file: data/all/LeakyRNN/softplus/diag/1_tasks/128_n_rnn/lr6.0l2_w6.0_h6.0_sig_rec0.05_sig_x0.1_w_rec_coeff0.8_reactgo/6/ckpts/model.ckpt-71000
Trial 4544000  | Time 6524.73 s  | Now training reactgo
reactgo        | cost 0.027102| c_reg 0.006151  | perf 1.00
Model saved in file: data/all/LeakyRNN/softplus/diag/1_tasks/128_n_rnn/lr6.0l2_w6.0_h6.0_sig_rec0.05_sig_x0.1_w_rec_coeff0.8_reactgo/6/model.ckpt
Model saved in file: data/all/LeakyRNN/softplus/diag/1_tasks/128_n_rnn/lr6.0l2_w6.0_h6.0_sig_rec0.05_sig_x0.1_w_rec_coeff0.8_reactgo/6/ckpts/model.ckpt-72000
Trial 4608000  | Time 6617.72 s  | Now training reactgo
reactgo        | cost 0.028025| c_reg 0.006363  | perf 1.00
Model saved in file: data/all/LeakyRNN/softplus/diag/1_tasks/128_n_rnn/lr6.0l2_w6.0_h6.0_sig_rec0.05_sig_x0.1_w_rec_coeff0.8_reactgo/6/model.ckpt
Model saved in file: data/all/LeakyRNN/softplus/diag/1_tasks/128_n_rnn/lr6.0l2_w6.0_h6.0_sig_rec0.05_sig_x0.1_w_rec_coeff0.8_reactgo/6/ckpts/model.ckpt-73000
Trial 4672000  | Time 6709.03 s  | Now training reactgo
reactgo        | cost 0.027888| c_reg 0.006194  | perf 1.00
Model saved in file: data/all/LeakyRNN/softplus/diag/1_tasks/128_n_rnn/lr6.0l2_w6.0_h6.0_sig_rec0.05_sig_x0.1_w_rec_coeff0.8_reactgo/6/model.ckpt
Model saved in file: data/all/LeakyRNN/softplus/diag/1_tasks/128_n_rnn/lr6.0l2_w6.0_h6.0_sig_rec0.05_sig_x0.1_w_rec_coeff0.8_reactgo/6/ckpts/model.ckpt-74000
Trial 4736000  | Time 6801.16 s  | Now training reactgo
reactgo        | cost 0.026634| c_reg 0.006392  | perf 1.00
Model saved in file: data/all/LeakyRNN/softplus/diag/1_tasks/128_n_rnn/lr6.0l2_w6.0_h6.0_sig_rec0.05_sig_x0.1_w_rec_coeff0.8_reactgo/6/model.ckpt
Model saved in file: data/all/LeakyRNN/softplus/diag/1_tasks/128_n_rnn/lr6.0l2_w6.0_h6.0_sig_rec0.05_sig_x0.1_w_rec_coeff0.8_reactgo/6/ckpts/model.ckpt-75000
Trial 4800000  | Time 6893.68 s  | Now training reactgo
reactgo        | cost 0.026559| c_reg 0.006350  | perf 1.00
Model saved in file: data/all/LeakyRNN/softplus/diag/1_tasks/128_n_rnn/lr6.0l2_w6.0_h6.0_sig_rec0.05_sig_x0.1_w_rec_coeff0.8_reactgo/6/model.ckpt
Model saved in file: data/all/LeakyRNN/softplus/diag/1_tasks/128_n_rnn/lr6.0l2_w6.0_h6.0_sig_rec0.05_sig_x0.1_w_rec_coeff0.8_reactgo/6/ckpts/model.ckpt-76000
Trial 4864000  | Time 6986.84 s  | Now training reactgo
reactgo        | cost 0.026288| c_reg 0.006458  | perf 1.00
Model saved in file: data/all/LeakyRNN/softplus/diag/1_tasks/128_n_rnn/lr6.0l2_w6.0_h6.0_sig_rec0.05_sig_x0.1_w_rec_coeff0.8_reactgo/6/model.ckpt
Model saved in file: data/all/LeakyRNN/softplus/diag/1_tasks/128_n_rnn/lr6.0l2_w6.0_h6.0_sig_rec0.05_sig_x0.1_w_rec_coeff0.8_reactgo/6/ckpts/model.ckpt-77000
Trial 4928000  | Time 7077.96 s  | Now training reactgo
reactgo        | cost 0.026083| c_reg 0.006488  | perf 1.00
Model saved in file: data/all/LeakyRNN/softplus/diag/1_tasks/128_n_rnn/lr6.0l2_w6.0_h6.0_sig_rec0.05_sig_x0.1_w_rec_coeff0.8_reactgo/6/model.ckpt
Model saved in file: data/all/LeakyRNN/softplus/diag/1_tasks/128_n_rnn/lr6.0l2_w6.0_h6.0_sig_rec0.05_sig_x0.1_w_rec_coeff0.8_reactgo/6/ckpts/model.ckpt-78000
Trial 4992000  | Time 7169.69 s  | Now training reactgo
reactgo        | cost 0.026175| c_reg 0.006389  | perf 1.00
Model saved in file: data/all/LeakyRNN/softplus/diag/1_tasks/128_n_rnn/lr6.0l2_w6.0_h6.0_sig_rec0.05_sig_x0.1_w_rec_coeff0.8_reactgo/6/model.ckpt
Model saved in file: data/all/LeakyRNN/softplus/diag/1_tasks/128_n_rnn/lr6.0l2_w6.0_h6.0_sig_rec0.05_sig_x0.1_w_rec_coeff0.8_reactgo/6/ckpts/model.ckpt-79000
Trial 5056000  | Time 7262.85 s  | Now training reactgo
reactgo        | cost 0.026733| c_reg 0.006444  | perf 1.00
Model saved in file: data/all/LeakyRNN/softplus/diag/1_tasks/128_n_rnn/lr6.0l2_w6.0_h6.0_sig_rec0.05_sig_x0.1_w_rec_coeff0.8_reactgo/6/model.ckpt
Model saved in file: data/all/LeakyRNN/softplus/diag/1_tasks/128_n_rnn/lr6.0l2_w6.0_h6.0_sig_rec0.05_sig_x0.1_w_rec_coeff0.8_reactgo/6/ckpts/model.ckpt-80000
Trial 5120000  | Time 7354.11 s  | Now training reactgo
reactgo        | cost 0.026349| c_reg 0.006368  | perf 1.00
Model saved in file: data/all/LeakyRNN/softplus/diag/1_tasks/128_n_rnn/lr6.0l2_w6.0_h6.0_sig_rec0.05_sig_x0.1_w_rec_coeff0.8_reactgo/6/model.ckpt
Model saved in file: data/all/LeakyRNN/softplus/diag/1_tasks/128_n_rnn/lr6.0l2_w6.0_h6.0_sig_rec0.05_sig_x0.1_w_rec_coeff0.8_reactgo/6/ckpts/model.ckpt-81000
Trial 5184000  | Time 7446.39 s  | Now training reactgo
reactgo        | cost 0.027384| c_reg 0.006388  | perf 1.00
Model saved in file: data/all/LeakyRNN/softplus/diag/1_tasks/128_n_rnn/lr6.0l2_w6.0_h6.0_sig_rec0.05_sig_x0.1_w_rec_coeff0.8_reactgo/6/model.ckpt
Model saved in file: data/all/LeakyRNN/softplus/diag/1_tasks/128_n_rnn/lr6.0l2_w6.0_h6.0_sig_rec0.05_sig_x0.1_w_rec_coeff0.8_reactgo/6/ckpts/model.ckpt-82000
Trial 5248000  | Time 7537.99 s  | Now training reactgo
reactgo        | cost 0.025755| c_reg 0.006485  | perf 1.00
Model saved in file: data/all/LeakyRNN/softplus/diag/1_tasks/128_n_rnn/lr6.0l2_w6.0_h6.0_sig_rec0.05_sig_x0.1_w_rec_coeff0.8_reactgo/6/model.ckpt
Model saved in file: data/all/LeakyRNN/softplus/diag/1_tasks/128_n_rnn/lr6.0l2_w6.0_h6.0_sig_rec0.05_sig_x0.1_w_rec_coeff0.8_reactgo/6/ckpts/model.ckpt-83000
Trial 5312000  | Time 7628.74 s  | Now training reactgo
reactgo        | cost 0.026704| c_reg 0.006379  | perf 1.00
Model saved in file: data/all/LeakyRNN/softplus/diag/1_tasks/128_n_rnn/lr6.0l2_w6.0_h6.0_sig_rec0.05_sig_x0.1_w_rec_coeff0.8_reactgo/6/model.ckpt
Model saved in file: data/all/LeakyRNN/softplus/diag/1_tasks/128_n_rnn/lr6.0l2_w6.0_h6.0_sig_rec0.05_sig_x0.1_w_rec_coeff0.8_reactgo/6/ckpts/model.ckpt-84000
Trial 5376000  | Time 7719.70 s  | Now training reactgo
reactgo        | cost 0.027072| c_reg 0.006379  | perf 1.00
Model saved in file: data/all/LeakyRNN/softplus/diag/1_tasks/128_n_rnn/lr6.0l2_w6.0_h6.0_sig_rec0.05_sig_x0.1_w_rec_coeff0.8_reactgo/6/model.ckpt
Model saved in file: data/all/LeakyRNN/softplus/diag/1_tasks/128_n_rnn/lr6.0l2_w6.0_h6.0_sig_rec0.05_sig_x0.1_w_rec_coeff0.8_reactgo/6/ckpts/model.ckpt-85000
Trial 5440000  | Time 7811.38 s  | Now training reactgo
reactgo        | cost 0.025672| c_reg 0.006439  | perf 1.00
Model saved in file: data/all/LeakyRNN/softplus/diag/1_tasks/128_n_rnn/lr6.0l2_w6.0_h6.0_sig_rec0.05_sig_x0.1_w_rec_coeff0.8_reactgo/6/model.ckpt
Model saved in file: data/all/LeakyRNN/softplus/diag/1_tasks/128_n_rnn/lr6.0l2_w6.0_h6.0_sig_rec0.05_sig_x0.1_w_rec_coeff0.8_reactgo/6/ckpts/model.ckpt-86000
Trial 5504000  | Time 7902.03 s  | Now training reactgo
reactgo        | cost 0.026594| c_reg 0.006596  | perf 1.00
Model saved in file: data/all/LeakyRNN/softplus/diag/1_tasks/128_n_rnn/lr6.0l2_w6.0_h6.0_sig_rec0.05_sig_x0.1_w_rec_coeff0.8_reactgo/6/model.ckpt
Model saved in file: data/all/LeakyRNN/softplus/diag/1_tasks/128_n_rnn/lr6.0l2_w6.0_h6.0_sig_rec0.05_sig_x0.1_w_rec_coeff0.8_reactgo/6/ckpts/model.ckpt-87000
Trial 5568000  | Time 7994.30 s  | Now training reactgo
reactgo        | cost 0.025493| c_reg 0.006644  | perf 1.00
Model saved in file: data/all/LeakyRNN/softplus/diag/1_tasks/128_n_rnn/lr6.0l2_w6.0_h6.0_sig_rec0.05_sig_x0.1_w_rec_coeff0.8_reactgo/6/model.ckpt
Model saved in file: data/all/LeakyRNN/softplus/diag/1_tasks/128_n_rnn/lr6.0l2_w6.0_h6.0_sig_rec0.05_sig_x0.1_w_rec_coeff0.8_reactgo/6/ckpts/model.ckpt-88000
Trial 5632000  | Time 8087.38 s  | Now training reactgo
reactgo        | cost 0.026250| c_reg 0.006548  | perf 1.00
Model saved in file: data/all/LeakyRNN/softplus/diag/1_tasks/128_n_rnn/lr6.0l2_w6.0_h6.0_sig_rec0.05_sig_x0.1_w_rec_coeff0.8_reactgo/6/model.ckpt
Model saved in file: data/all/LeakyRNN/softplus/diag/1_tasks/128_n_rnn/lr6.0l2_w6.0_h6.0_sig_rec0.05_sig_x0.1_w_rec_coeff0.8_reactgo/6/ckpts/model.ckpt-89000
Trial 5696000  | Time 8179.02 s  | Now training reactgo
reactgo        | cost 0.024891| c_reg 0.006519  | perf 1.00
Model saved in file: data/all/LeakyRNN/softplus/diag/1_tasks/128_n_rnn/lr6.0l2_w6.0_h6.0_sig_rec0.05_sig_x0.1_w_rec_coeff0.8_reactgo/6/model.ckpt
Model saved in file: data/all/LeakyRNN/softplus/diag/1_tasks/128_n_rnn/lr6.0l2_w6.0_h6.0_sig_rec0.05_sig_x0.1_w_rec_coeff0.8_reactgo/6/ckpts/model.ckpt-90000
Trial 5760000  | Time 8270.68 s  | Now training reactgo
reactgo        | cost 0.025427| c_reg 0.006606  | perf 1.00
Model saved in file: data/all/LeakyRNN/softplus/diag/1_tasks/128_n_rnn/lr6.0l2_w6.0_h6.0_sig_rec0.05_sig_x0.1_w_rec_coeff0.8_reactgo/6/model.ckpt
Model saved in file: data/all/LeakyRNN/softplus/diag/1_tasks/128_n_rnn/lr6.0l2_w6.0_h6.0_sig_rec0.05_sig_x0.1_w_rec_coeff0.8_reactgo/6/ckpts/model.ckpt-91000
Trial 5824000  | Time 8361.64 s  | Now training reactgo
reactgo        | cost 0.025886| c_reg 0.006498  | perf 1.00
Model saved in file: data/all/LeakyRNN/softplus/diag/1_tasks/128_n_rnn/lr6.0l2_w6.0_h6.0_sig_rec0.05_sig_x0.1_w_rec_coeff0.8_reactgo/6/model.ckpt
Model saved in file: data/all/LeakyRNN/softplus/diag/1_tasks/128_n_rnn/lr6.0l2_w6.0_h6.0_sig_rec0.05_sig_x0.1_w_rec_coeff0.8_reactgo/6/ckpts/model.ckpt-92000
Trial 5888000  | Time 8453.38 s  | Now training reactgo
reactgo        | cost 0.025964| c_reg 0.006470  | perf 1.00
Model saved in file: data/all/LeakyRNN/softplus/diag/1_tasks/128_n_rnn/lr6.0l2_w6.0_h6.0_sig_rec0.05_sig_x0.1_w_rec_coeff0.8_reactgo/6/model.ckpt
Model saved in file: data/all/LeakyRNN/softplus/diag/1_tasks/128_n_rnn/lr6.0l2_w6.0_h6.0_sig_rec0.05_sig_x0.1_w_rec_coeff0.8_reactgo/6/ckpts/model.ckpt-93000
Trial 5952000  | Time 8544.43 s  | Now training reactgo
reactgo        | cost 0.025784| c_reg 0.006464  | perf 1.00
Model saved in file: data/all/LeakyRNN/softplus/diag/1_tasks/128_n_rnn/lr6.0l2_w6.0_h6.0_sig_rec0.05_sig_x0.1_w_rec_coeff0.8_reactgo/6/model.ckpt
Optimization finished!
/var/spool/slurmd/job59196249/slurm_script: line 12: deactivate: command not found
